TN:
SF:src/index.ts
FN:23,checkAndAlertForScraper
FN:64,(anonymous_1)
FN:66,(anonymous_2)
FN:68,(anonymous_3)
FN:70,(anonymous_4)
FN:72,(anonymous_5)
FN:73,(anonymous_6)
FN:74,(anonymous_7)
FN:76,(anonymous_8)
FN:78,(anonymous_9)
FN:80,(anonymous_10)
FN:81,(anonymous_11)
FN:113,handleCors
FN:152,checkAndLogApiReachability
FN:201,(anonymous_14)
FN:211,(anonymous_15)
FN:231,updateSchedulerOnComplete
FN:282,(anonymous_17)
FN:356,(anonymous_18)
FN:423,validateAdminRequest
FN:499,shouldBypassEmulatorSeeder
FN:531,createManualSyncHandler
FN:535,(anonymous_22)
FN:663,(anonymous_23)
FNF:24
FNH:11
FNDA:7,checkAndAlertForScraper
FNDA:2,(anonymous_1)
FNDA:0,(anonymous_2)
FNDA:0,(anonymous_3)
FNDA:1,(anonymous_4)
FNDA:0,(anonymous_5)
FNDA:0,(anonymous_6)
FNDA:0,(anonymous_7)
FNDA:0,(anonymous_8)
FNDA:1,(anonymous_9)
FNDA:0,(anonymous_10)
FNDA:0,(anonymous_11)
FNDA:14,handleCors
FNDA:0,checkAndLogApiReachability
FNDA:0,(anonymous_14)
FNDA:0,(anonymous_15)
FNDA:8,updateSchedulerOnComplete
FNDA:3,(anonymous_17)
FNDA:0,(anonymous_18)
FNDA:6,validateAdminRequest
FNDA:2,shouldBypassEmulatorSeeder
FNDA:55,createManualSyncHandler
FNDA:6,(anonymous_22)
FNDA:0,(anonymous_23)
DA:29,7
DA:30,5
DA:31,5
DA:33,2
DA:34,7
DA:35,1
DA:36,1
DA:37,1
DA:39,1
DA:53,1
DA:63,5
DA:64,2
DA:66,0
DA:68,0
DA:70,1
DA:72,0
DA:73,0
DA:74,0
DA:76,0
DA:78,1
DA:80,0
DA:81,0
DA:84,5
DA:98,5
DA:100,5
DA:104,5
DA:114,14
DA:116,14
DA:118,7
DA:121,7
DA:123,7
DA:128,7
DA:129,6
DA:131,6
DA:133,1
DA:137,14
DA:138,1
DA:139,1
DA:140,1
DA:141,1
DA:142,1
DA:144,13
DA:155,0
DA:156,0
DA:157,0
DA:158,0
DA:160,0
DA:163,0
DA:164,0
DA:165,0
DA:167,0
DA:175,0
DA:176,0
DA:178,0
DA:179,0
DA:180,0
DA:182,0
DA:190,0
DA:191,0
DA:198,5
DA:202,0
DA:203,0
DA:209,5
DA:212,0
DA:213,0
DA:214,0
DA:215,0
DA:216,0
DA:218,0
DA:219,0
DA:236,8
DA:237,8
DA:239,8
DA:240,8
DA:241,8
DA:242,8
DA:244,8
DA:245,1
DA:246,1
DA:247,1
DA:249,1
DA:250,1
DA:254,8
DA:256,8
DA:268,8
DA:272,0
DA:279,5
DA:283,3
DA:284,3
DA:285,3
DA:286,3
DA:291,3
DA:292,3
DA:294,3
DA:295,3
DA:297,0
DA:298,0
DA:299,0
DA:303,3
DA:304,3
DA:305,3
DA:306,3
DA:309,3
DA:310,2
DA:311,2
DA:312,2
DA:313,2
DA:314,2
DA:315,2
DA:316,1
DA:320,1
DA:321,1
DA:322,1
DA:325,1
DA:326,1
DA:331,2
DA:332,1
DA:335,1
DA:341,1
DA:342,1
DA:346,0
DA:353,5
DA:358,0
DA:359,0
DA:360,0
DA:362,0
DA:363,0
DA:366,0
DA:367,0
DA:368,0
DA:371,0
DA:373,0
DA:374,0
DA:375,0
DA:376,0
DA:380,0
DA:383,0
DA:384,0
DA:386,0
DA:388,0
DA:393,0
DA:398,0
DA:399,0
DA:403,0
DA:404,0
DA:407,0
DA:409,0
DA:410,0
DA:414,0
DA:415,0
DA:429,6
DA:430,2
DA:431,2
DA:435,4
DA:436,0
DA:437,0
DA:441,0
DA:445,4
DA:446,4
DA:447,0
DA:448,0
DA:452,0
DA:455,4
DA:456,4
DA:458,4
DA:459,4
DA:462,4
DA:463,4
DA:464,0
DA:465,0
DA:469,0
DA:472,4
DA:473,4
DA:474,1
DA:475,1
DA:479,1
DA:482,3
DA:484,0
DA:485,0
DA:486,0
DA:491,0
DA:500,2
DA:501,2
DA:502,2
DA:503,2
DA:505,2
DA:506,2
DA:507,2
DA:508,2
DA:509,2
DA:510,2
DA:511,2
DA:512,1
DA:515,1
DA:520,0
DA:525,1
DA:535,55
DA:536,6
DA:537,6
DA:538,6
DA:539,6
DA:541,5
DA:542,2
DA:543,2
DA:544,1
DA:548,1
DA:552,4
DA:553,4
DA:555,4
DA:557,4
DA:562,6
DA:567,4
DA:568,4
DA:569,0
DA:572,4
DA:573,4
DA:574,4
DA:578,4
DA:579,4
DA:582,4
DA:584,4
DA:590,0
DA:591,0
DA:595,0
DA:596,0
DA:597,0
DA:606,5
DA:612,5
DA:618,5
DA:622,5
DA:626,5
DA:630,5
DA:634,5
DA:638,5
DA:642,5
DA:646,5
DA:652,5
DA:660,5
DA:664,0
DA:665,0
DA:666,0
DA:667,0
DA:670,0
DA:671,0
DA:672,0
DA:674,0
DA:684,0
DA:685,0
DA:686,0
DA:688,0
LF:250
LH:151
BRDA:29,0,0,5
BRDA:29,0,1,2
BRDA:33,1,0,2
BRDA:33,1,1,0
BRDA:34,2,0,1
BRDA:34,2,1,1
BRDA:37,3,0,1
BRDA:37,3,1,0
BRDA:37,4,0,1
BRDA:37,4,1,0
BRDA:114,5,0,14
BRDA:114,5,1,7
BRDA:116,6,0,7
BRDA:116,6,1,7
BRDA:121,7,0,7
BRDA:121,7,1,5
BRDA:123,8,0,7
BRDA:123,8,1,6
BRDA:123,8,2,5
BRDA:123,8,3,4
BRDA:128,9,0,6
BRDA:128,9,1,1
BRDA:128,10,0,7
BRDA:128,10,1,4
BRDA:137,11,0,1
BRDA:137,11,1,13
BRDA:155,12,0,0
BRDA:155,12,1,0
BRDA:165,13,0,0
BRDA:165,13,1,0
BRDA:180,14,0,0
BRDA:180,14,1,0
BRDA:213,15,0,0
BRDA:213,15,1,0
BRDA:221,16,0,0
BRDA:221,16,1,0
BRDA:241,17,0,8
BRDA:241,17,1,1
BRDA:244,18,0,1
BRDA:244,18,1,7
BRDA:246,19,0,1
BRDA:246,19,1,0
BRDA:247,20,0,1
BRDA:247,20,1,0
BRDA:249,21,0,1
BRDA:249,21,1,0
BRDA:298,22,0,0
BRDA:298,22,1,0
BRDA:309,23,0,2
BRDA:309,23,1,1
BRDA:310,24,0,2
BRDA:310,24,1,0
BRDA:311,25,0,2
BRDA:311,25,1,0
BRDA:315,26,0,1
BRDA:315,26,1,1
BRDA:331,27,0,1
BRDA:331,27,1,1
BRDA:331,28,0,2
BRDA:331,28,1,2
BRDA:331,28,2,2
BRDA:360,29,0,0
BRDA:360,29,1,0
BRDA:366,30,0,0
BRDA:366,30,1,0
BRDA:374,31,0,0
BRDA:374,31,1,0
BRDA:388,32,0,0
BRDA:388,32,1,0
BRDA:388,32,2,0
BRDA:390,33,0,0
BRDA:390,33,1,0
BRDA:429,34,0,2
BRDA:429,34,1,4
BRDA:429,35,0,6
BRDA:429,35,1,6
BRDA:435,36,0,0
BRDA:435,36,1,4
BRDA:446,37,0,0
BRDA:446,37,1,4
BRDA:446,38,0,4
BRDA:446,38,1,4
BRDA:463,39,0,0
BRDA:463,39,1,4
BRDA:473,40,0,1
BRDA:473,40,1,3
BRDA:473,41,0,4
BRDA:473,41,1,4
BRDA:505,42,0,2
BRDA:505,42,1,0
BRDA:509,43,0,2
BRDA:509,43,1,0
BRDA:509,44,0,2
BRDA:509,44,1,2
BRDA:509,44,2,2
BRDA:511,45,0,1
BRDA:511,45,1,1
BRDA:533,46,0,55
BRDA:537,47,0,0
BRDA:537,47,1,6
BRDA:539,48,0,1
BRDA:539,48,1,5
BRDA:541,49,0,2
BRDA:541,49,1,3
BRDA:541,50,0,5
BRDA:541,50,1,4
BRDA:543,51,0,1
BRDA:543,51,1,1
BRDA:557,52,0,4
BRDA:557,52,1,0
BRDA:557,52,2,0
BRDA:559,53,0,0
BRDA:559,53,1,0
BRDA:568,54,0,0
BRDA:568,54,1,4
BRDA:599,55,0,0
BRDA:599,55,1,0
BRDA:666,56,0,0
BRDA:666,56,1,0
BRDA:667,57,0,0
BRDA:667,57,1,0
BRDA:671,58,0,0
BRDA:671,58,1,0
BRDA:672,59,0,0
BRDA:672,59,1,0
BRF:125
BRH:73
end_of_record
TN:
SF:src/scrapers/bank_atms_scraper.ts
FN:12,isValidIsraelCoordinates
FN:19,parseHebrewBoolean
FN:115,parseAtmRecord
FN:197,scrapeAndSyncBankAtms
FN:244,(anonymous_4)
FNF:5
FNH:5
FNDA:13,isValidIsraelCoordinates
FNDA:46,parseHebrewBoolean
FNDA:10,parseAtmRecord
FNDA:4,scrapeAndSyncBankAtms
FNDA:3,(anonymous_4)
DA:13,13
DA:20,46
DA:21,36
DA:22,36
DA:27,5
DA:43,5
DA:116,10
DA:118,10
DA:119,1
DA:122,9
DA:125,9
DA:126,9
DA:127,1
DA:131,8
DA:132,8
DA:134,8
DA:135,1
DA:138,7
DA:139,10
DA:141,10
DA:142,1
DA:145,6
DA:146,1
DA:149,5
DA:152,5
DA:153,10
DA:156,10
DA:157,10
DA:159,10
DA:160,10
DA:161,10
DA:163,10
DA:202,4
DA:203,4
DA:205,4
DA:206,4
DA:207,4
DA:209,4
DA:210,4
DA:211,4
DA:212,4
DA:213,4
DA:214,4
DA:215,4
DA:217,4
DA:218,4
DA:221,4
DA:222,7
DA:223,7
DA:225,7
DA:226,6
DA:228,7
DA:229,3
DA:230,3
DA:233,3
DA:234,3
DA:235,3
DA:236,3
DA:237,3
DA:242,3
DA:243,3
DA:244,3
DA:247,3
DA:248,3
DA:249,3
DA:250,3
DA:251,3
DA:252,2
DA:256,3
DA:257,3
DA:258,3
DA:259,3
DA:260,3
DA:262,3
DA:263,3
DA:264,2
DA:265,2
DA:266,2
DA:267,1
DA:268,1
DA:270,1
DA:271,2
DA:273,1
DA:274,1
DA:277,2
DA:278,2
DA:279,2
DA:280,2
DA:282,3
DA:283,2
DA:287,3
DA:288,0
DA:289,0
DA:292,3
DA:295,3
DA:298,3
DA:299,3
DA:301,3
DA:312,3
DA:313,3
DA:315,1
DA:316,1
DA:317,1
LF:103
LH:101
BRDA:13,0,0,13
BRDA:13,0,1,11
BRDA:13,0,2,10
BRDA:13,0,3,9
BRDA:20,1,0,10
BRDA:20,1,1,36
BRDA:20,2,0,46
BRDA:20,2,1,37
BRDA:118,3,0,1
BRDA:118,3,1,9
BRDA:118,4,0,10
BRDA:118,4,1,9
BRDA:126,5,0,1
BRDA:126,5,1,8
BRDA:126,6,0,9
BRDA:126,6,1,8
BRDA:134,7,0,1
BRDA:134,7,1,7
BRDA:134,8,0,8
BRDA:134,8,1,7
BRDA:134,8,2,7
BRDA:134,8,3,7
BRDA:138,9,0,6
BRDA:138,9,1,1
BRDA:139,10,0,0
BRDA:139,10,1,7
BRDA:141,11,0,1
BRDA:141,11,1,9
BRDA:141,12,0,10
BRDA:141,12,1,6
BRDA:145,13,0,1
BRDA:145,13,1,5
BRDA:152,14,0,5
BRDA:152,14,1,1
BRDA:153,15,0,10
BRDA:153,15,1,1
BRDA:156,16,0,10
BRDA:156,16,1,1
BRDA:157,17,0,10
BRDA:157,17,1,1
BRDA:159,18,0,10
BRDA:159,18,1,1
BRDA:160,19,0,10
BRDA:160,19,1,5
BRDA:161,20,0,10
BRDA:161,20,1,1
BRDA:171,21,0,10
BRDA:171,21,1,1
BRDA:172,22,0,10
BRDA:172,22,1,4
BRDA:173,23,0,10
BRDA:173,23,1,1
BRDA:199,24,0,4
BRDA:212,25,0,0
BRDA:212,25,1,4
BRDA:212,26,0,4
BRDA:212,26,1,0
BRDA:226,27,0,6
BRDA:226,27,1,0
BRDA:228,28,0,3
BRDA:228,28,1,4
BRDA:236,29,0,3
BRDA:236,29,1,0
BRDA:247,30,0,3
BRDA:247,30,1,0
BRDA:251,31,0,2
BRDA:251,31,1,1
BRDA:251,32,0,3
BRDA:251,32,1,2
BRDA:262,33,0,3
BRDA:262,33,1,0
BRDA:263,34,0,2
BRDA:263,34,1,1
BRDA:266,35,0,1
BRDA:266,35,1,1
BRDA:270,36,0,1
BRDA:270,36,1,0
BRDA:282,37,0,2
BRDA:282,37,1,1
BRDA:287,38,0,0
BRDA:287,38,1,3
BRDA:287,39,0,3
BRDA:287,39,1,0
BRF:83
BRH:73
end_of_record
TN:
SF:src/scrapers/car_importers_scraper.ts
FN:39,parseCarImporterRecord
FN:86,scrapeAndSyncCarImporters
FN:132,(anonymous_2)
FNF:3
FNH:3
FNDA:5,parseCarImporterRecord
FNDA:2,scrapeAndSyncCarImporters
FNDA:2,(anonymous_2)
DA:40,5
DA:41,5
DA:42,1
DA:45,4
DA:47,4
DA:50,5
DA:51,5
DA:53,5
DA:56,5
DA:58,5
DA:59,5
DA:61,5
DA:64,5
DA:65,5
DA:67,5
DA:69,5
DA:91,2
DA:92,2
DA:94,2
DA:95,2
DA:96,2
DA:98,2
DA:99,2
DA:100,2
DA:101,2
DA:102,2
DA:103,2
DA:104,2
DA:106,2
DA:107,2
DA:109,2
DA:110,4
DA:111,4
DA:112,4
DA:114,4
DA:115,4
DA:117,4
DA:118,2
DA:119,2
DA:122,2
DA:123,2
DA:124,2
DA:125,2
DA:126,2
DA:130,2
DA:131,2
DA:132,2
DA:134,2
DA:135,2
DA:136,2
DA:137,2
DA:138,2
DA:139,1
DA:143,2
DA:144,2
DA:146,2
DA:147,2
DA:148,2
DA:150,2
DA:151,2
DA:152,1
DA:153,1
DA:154,0
DA:155,0
DA:157,1
DA:158,1
DA:160,1
DA:161,1
DA:164,2
DA:165,2
DA:166,2
DA:167,2
DA:170,2
DA:171,2
DA:175,2
DA:176,0
DA:177,0
DA:180,2
DA:183,2
DA:185,2
DA:186,2
DA:188,2
DA:199,2
DA:200,2
DA:202,0
DA:203,0
DA:204,0
LF:87
LH:80
BRDA:41,0,0,1
BRDA:41,0,1,4
BRDA:41,1,0,5
BRDA:41,1,1,4
BRDA:47,2,0,3
BRDA:47,2,1,1
BRDA:47,3,0,4
BRDA:47,3,1,4
BRDA:50,4,0,5
BRDA:50,4,1,1
BRDA:51,5,0,5
BRDA:51,5,1,3
BRDA:53,6,0,1
BRDA:53,6,1,3
BRDA:53,7,0,5
BRDA:53,7,1,2
BRDA:56,8,0,5
BRDA:56,8,1,3
BRDA:58,9,0,1
BRDA:58,9,1,3
BRDA:58,10,0,5
BRDA:58,10,1,2
BRDA:59,11,0,5
BRDA:59,11,1,3
BRDA:61,12,0,1
BRDA:61,12,1,3
BRDA:61,13,0,5
BRDA:61,13,1,2
BRDA:64,14,0,1
BRDA:64,14,1,3
BRDA:64,15,0,5
BRDA:64,15,1,2
BRDA:65,16,0,5
BRDA:65,16,1,3
BRDA:72,17,0,0
BRDA:72,17,1,4
BRDA:75,18,0,0
BRDA:75,18,1,4
BRDA:77,19,0,0
BRDA:77,19,1,4
BRDA:79,20,0,0
BRDA:79,20,1,4
BRDA:80,21,0,0
BRDA:80,21,1,4
BRDA:88,22,0,2
BRDA:101,23,0,0
BRDA:101,23,1,2
BRDA:101,24,0,2
BRDA:101,24,1,0
BRDA:110,25,0,4
BRDA:110,25,1,4
BRDA:115,26,0,4
BRDA:115,26,1,0
BRDA:117,27,0,2
BRDA:117,27,1,2
BRDA:125,28,0,2
BRDA:125,28,1,0
BRDA:134,29,0,2
BRDA:134,29,1,0
BRDA:138,30,0,1
BRDA:138,30,1,1
BRDA:138,31,0,2
BRDA:138,31,1,1
BRDA:150,32,0,2
BRDA:150,32,1,0
BRDA:151,33,0,1
BRDA:151,33,1,1
BRDA:153,34,0,0
BRDA:153,34,1,1
BRDA:157,35,0,1
BRDA:157,35,1,0
BRDA:170,36,0,2
BRDA:170,36,1,0
BRDA:175,37,0,0
BRDA:175,37,1,2
BRDA:175,38,0,2
BRDA:175,38,1,0
BRF:77
BRH:61
end_of_record
TN:
SF:src/scrapers/cellular_antennas_scraper.ts
FN:17,convertItmToWgs84
FN:25,isValidIsraelCoordinates
FN:38,getTranslatedOperator
FN:87,parseFrequency
FN:95,parseDdmmyyyyToISO
FN:117,translateAddress
FN:144,parseRecord
FN:204,saveAntennasToFirestore
FN:217,(anonymous_8)
FN:260,scrapeAndSyncAntennas
FNF:10
FNH:10
FNDA:16,convertItmToWgs84
FNDA:18,isValidIsraelCoordinates
FNDA:15,getTranslatedOperator
FNDA:15,parseFrequency
FNDA:15,parseDdmmyyyyToISO
FNDA:15,translateAddress
FNDA:16,parseRecord
FNDA:7,saveAntennasToFirestore
FNDA:8,(anonymous_8)
FNDA:9,scrapeAndSyncAntennas
DA:11,5
DA:15,5
DA:21,16
DA:22,16
DA:26,18
DA:30,5
DA:39,15
DA:40,15
DA:41,15
DA:88,15
DA:89,15
DA:90,14
DA:91,7
DA:92,6
DA:96,15
DA:97,7
DA:98,7
DA:99,7
DA:100,7
DA:101,7
DA:102,7
DA:103,7
DA:104,7
DA:107,0
DA:108,0
DA:109,0
DA:114,0
DA:118,15
DA:119,15
DA:120,15
DA:138,15
DA:139,240
DA:141,15
DA:145,16
DA:146,16
DA:147,16
DA:149,16
DA:150,1
DA:153,15
DA:154,15
DA:155,15
DA:157,16
DA:158,16
DA:160,16
DA:161,0
DA:164,15
DA:165,15
DA:166,0
DA:169,15
DA:171,15
DA:172,16
DA:174,16
DA:176,16
DA:177,16
DA:179,16
DA:180,16
DA:182,16
DA:183,16
DA:184,16
DA:186,16
DA:208,7
DA:209,7
DA:210,7
DA:213,7
DA:214,7
DA:217,8
DA:220,7
DA:221,7
DA:222,7
DA:223,8
DA:224,8
DA:225,4
DA:230,7
DA:231,7
DA:232,7
DA:233,8
DA:234,8
DA:236,8
DA:237,8
DA:238,4
DA:239,4
DA:240,1
DA:242,3
DA:243,4
DA:245,4
DA:246,4
DA:249,7
DA:250,7
DA:251,7
DA:253,7
DA:254,6
DA:257,7
DA:265,9
DA:266,9
DA:268,9
DA:269,9
DA:270,9
DA:272,9
DA:274,9
DA:275,9
DA:276,9
DA:277,1
DA:278,8
DA:279,1
DA:281,9
DA:282,9
DA:283,9
DA:285,9
DA:286,9
DA:288,9
DA:290,9
DA:291,15
DA:292,15
DA:296,15
DA:297,15
DA:298,15
DA:300,15
DA:301,8
DA:302,8
DA:306,7
DA:307,7
DA:308,8
DA:309,8
DA:310,8
DA:315,7
DA:316,7
DA:317,7
DA:318,7
DA:321,7
DA:322,1
DA:324,6
DA:328,9
DA:331,9
DA:332,9
DA:335,9
DA:346,9
DA:347,9
DA:349,0
DA:350,0
DA:351,0
LF:140
LH:131
BRDA:26,0,0,18
BRDA:26,0,1,18
BRDA:26,0,2,17
BRDA:26,0,3,17
BRDA:39,1,0,15
BRDA:39,1,1,0
BRDA:40,2,0,15
BRDA:40,2,1,3
BRDA:88,3,0,15
BRDA:88,3,1,5
BRDA:89,4,0,1
BRDA:89,4,1,14
BRDA:90,5,0,7
BRDA:90,5,1,7
BRDA:91,6,0,1
BRDA:91,6,1,6
BRDA:96,7,0,8
BRDA:96,7,1,7
BRDA:99,8,0,7
BRDA:99,8,1,0
BRDA:103,9,0,7
BRDA:103,9,1,0
BRDA:103,10,0,7
BRDA:103,10,1,7
BRDA:103,10,2,7
BRDA:108,11,0,0
BRDA:108,11,1,0
BRDA:118,12,0,0
BRDA:118,12,1,15
BRDA:145,13,0,16
BRDA:145,13,1,0
BRDA:149,14,0,1
BRDA:149,14,1,15
BRDA:149,15,0,16
BRDA:149,15,1,16
BRDA:149,15,2,16
BRDA:155,16,0,15
BRDA:155,16,1,8
BRDA:157,17,0,0
BRDA:157,17,1,15
BRDA:158,18,0,0
BRDA:158,18,1,15
BRDA:160,19,0,0
BRDA:160,19,1,16
BRDA:160,20,0,16
BRDA:160,20,1,15
BRDA:165,21,0,0
BRDA:165,21,1,15
BRDA:171,22,0,15
BRDA:171,22,1,3
BRDA:174,23,0,16
BRDA:174,23,1,5
BRDA:176,24,0,16
BRDA:176,24,1,5
BRDA:179,25,0,16
BRDA:179,25,1,8
BRDA:182,26,0,16
BRDA:182,26,1,8
BRDA:183,27,0,16
BRDA:183,27,1,8
BRDA:183,28,0,16
BRDA:183,28,1,8
BRDA:220,29,0,7
BRDA:220,29,1,0
BRDA:224,30,0,4
BRDA:224,30,1,4
BRDA:224,31,0,8
BRDA:224,31,1,4
BRDA:236,32,0,8
BRDA:236,32,1,0
BRDA:237,33,0,4
BRDA:237,33,1,4
BRDA:239,34,0,1
BRDA:239,34,1,3
BRDA:242,35,0,3
BRDA:242,35,1,0
BRDA:253,36,0,6
BRDA:253,36,1,1
BRDA:262,37,0,9
BRDA:276,38,0,1
BRDA:276,38,1,8
BRDA:278,39,0,1
BRDA:278,39,1,7
BRDA:278,40,0,8
BRDA:278,40,1,2
BRDA:291,41,0,15
BRDA:291,41,1,15
BRDA:292,42,0,0
BRDA:292,42,1,15
BRDA:298,43,0,15
BRDA:298,43,1,0
BRDA:300,44,0,8
BRDA:300,44,1,7
BRDA:309,45,0,8
BRDA:309,45,1,0
BRDA:315,46,0,7
BRDA:315,46,1,0
BRDA:321,47,0,1
BRDA:321,47,1,6
BRDA:321,48,0,7
BRDA:321,48,1,2
BRDA:321,48,2,6
BRF:102
BRH:84
end_of_record
TN:
SF:src/scrapers/cellular_permits_scraper.ts
FN:17,convertItmToWgs84
FN:25,isValidIsraelCoordinates
FN:38,getTranslatedOperator
FN:78,parsePermitRecord
FN:138,scrapeAndSyncPermitApplications
FN:188,(anonymous_5)
FNF:6
FNH:6
FNDA:12,convertItmToWgs84
FNDA:15,isValidIsraelCoordinates
FNDA:16,getTranslatedOperator
FNDA:12,parsePermitRecord
FNDA:7,scrapeAndSyncPermitApplications
FNDA:7,(anonymous_5)
DA:11,5
DA:15,5
DA:21,12
DA:22,12
DA:26,15
DA:30,5
DA:39,16
DA:40,16
DA:41,16
DA:79,12
DA:80,12
DA:81,12
DA:82,12
DA:84,12
DA:85,0
DA:88,12
DA:89,12
DA:90,12
DA:91,12
DA:93,12
DA:94,1
DA:97,11
DA:98,11
DA:99,0
DA:102,11
DA:104,11
DA:105,12
DA:106,12
DA:107,11
DA:108,11
DA:109,11
DA:113,11
DA:114,12
DA:115,12
DA:116,12
DA:117,12
DA:118,12
DA:119,12
DA:121,12
DA:143,7
DA:144,7
DA:146,7
DA:147,7
DA:148,7
DA:150,7
DA:151,7
DA:153,7
DA:154,7
DA:155,7
DA:156,7
DA:157,7
DA:159,7
DA:160,7
DA:162,7
DA:163,13
DA:164,13
DA:165,13
DA:166,13
DA:167,13
DA:169,13
DA:170,6
DA:171,6
DA:175,7
DA:176,7
DA:177,7
DA:178,7
DA:179,7
DA:184,7
DA:185,7
DA:188,7
DA:191,7
DA:192,7
DA:193,7
DA:194,7
DA:195,7
DA:196,4
DA:201,7
DA:202,7
DA:203,7
DA:204,7
DA:205,7
DA:207,7
DA:208,7
DA:209,4
DA:210,4
DA:211,1
DA:212,1
DA:214,3
DA:215,4
DA:217,3
DA:218,3
DA:221,6
DA:222,6
DA:223,6
DA:224,6
DA:226,7
DA:227,6
DA:231,7
DA:232,1
DA:233,1
DA:236,6
DA:239,7
DA:242,7
DA:243,7
DA:246,7
DA:257,7
DA:258,7
DA:260,0
DA:261,0
DA:262,0
LF:110
LH:105
BRDA:26,0,0,15
BRDA:26,0,1,14
BRDA:26,0,2,13
BRDA:26,0,3,13
BRDA:39,1,0,16
BRDA:39,1,1,0
BRDA:40,2,0,16
BRDA:40,2,1,1
BRDA:79,3,0,12
BRDA:79,3,1,0
BRDA:84,4,0,0
BRDA:84,4,1,12
BRDA:84,5,0,12
BRDA:84,5,1,12
BRDA:84,5,2,12
BRDA:89,6,0,12
BRDA:89,6,1,1
BRDA:90,7,0,1
BRDA:90,7,1,11
BRDA:91,8,0,0
BRDA:91,8,1,12
BRDA:93,9,0,1
BRDA:93,9,1,11
BRDA:93,10,0,12
BRDA:93,10,1,11
BRDA:98,11,0,0
BRDA:98,11,1,11
BRDA:104,12,0,11
BRDA:104,12,1,0
BRDA:106,13,0,11
BRDA:106,13,1,1
BRDA:108,14,0,11
BRDA:108,14,1,0
BRDA:113,15,0,11
BRDA:113,15,1,0
BRDA:114,16,0,12
BRDA:114,16,1,10
BRDA:115,17,0,12
BRDA:115,17,1,10
BRDA:116,18,0,12
BRDA:116,18,1,10
BRDA:117,19,0,12
BRDA:117,19,1,10
BRDA:118,20,0,12
BRDA:118,20,1,10
BRDA:119,21,0,12
BRDA:119,21,1,10
BRDA:140,22,0,7
BRDA:154,23,0,1
BRDA:154,23,1,6
BRDA:154,24,0,7
BRDA:154,24,1,2
BRDA:163,25,0,13
BRDA:163,25,1,13
BRDA:167,26,0,13
BRDA:167,26,1,0
BRDA:169,27,0,6
BRDA:169,27,1,7
BRDA:178,28,0,7
BRDA:178,28,1,0
BRDA:191,29,0,7
BRDA:191,29,1,0
BRDA:195,30,0,4
BRDA:195,30,1,3
BRDA:195,31,0,7
BRDA:195,31,1,4
BRDA:207,32,0,7
BRDA:207,32,1,0
BRDA:208,33,0,4
BRDA:208,33,1,3
BRDA:210,34,0,1
BRDA:210,34,1,3
BRDA:214,35,0,3
BRDA:214,35,1,0
BRDA:226,36,0,6
BRDA:226,36,1,1
BRDA:231,37,0,1
BRDA:231,37,1,6
BRDA:231,38,0,7
BRDA:231,38,1,2
BRF:80
BRH:67
end_of_record
TN:
SF:src/scrapers/companies_liquidation_scraper.ts
FN:18,getTranslatedStatus
FN:58,cleanString
FN:63,parseDateString
FN:80,parseLiquidationRecord
FN:129,scrapeAndSyncCompaniesLiquidation
FN:199,(anonymous_5)
FNF:6
FNH:6
FNDA:18,getTranslatedStatus
FNDA:40,cleanString
FNDA:40,parseDateString
FNDA:11,parseLiquidationRecord
FNDA:5,scrapeAndSyncCompaniesLiquidation
FNDA:5,(anonymous_5)
DA:8,5
DA:19,18
DA:20,18
DA:21,18
DA:59,40
DA:60,31
DA:64,40
DA:65,12
DA:66,12
DA:67,12
DA:73,12
DA:74,12
DA:75,12
DA:77,0
DA:83,11
DA:84,11
DA:85,11
DA:87,11
DA:88,1
DA:91,10
DA:92,11
DA:93,11
DA:95,11
DA:96,0
DA:99,10
DA:100,10
DA:101,11
DA:102,11
DA:104,11
DA:105,11
DA:106,11
DA:107,11
DA:108,11
DA:110,11
DA:112,11
DA:134,5
DA:135,5
DA:136,5
DA:137,5
DA:138,5
DA:140,5
DA:141,5
DA:142,5
DA:143,5
DA:144,5
DA:145,5
DA:146,5
DA:148,5
DA:149,5
DA:150,5
DA:151,10
DA:152,10
DA:153,10
DA:155,10
DA:156,10
DA:157,0
DA:180,10
DA:181,10
DA:184,10
DA:185,5
DA:186,5
DA:189,5
DA:190,5
DA:191,5
DA:192,5
DA:193,5
DA:197,5
DA:198,5
DA:199,5
DA:202,5
DA:203,5
DA:204,5
DA:205,5
DA:206,5
DA:207,4
DA:212,5
DA:213,5
DA:214,5
DA:215,5
DA:216,5
DA:218,5
DA:219,5
DA:220,4
DA:221,4
DA:222,1
DA:223,1
DA:225,3
DA:226,4
DA:228,1
DA:229,1
DA:232,4
DA:233,4
DA:234,4
DA:235,4
DA:237,5
DA:238,4
DA:242,5
DA:243,0
DA:244,0
DA:247,5
DA:250,5
DA:252,5
DA:253,5
DA:255,5
DA:266,5
DA:267,5
DA:269,0
DA:270,0
DA:271,0
LF:109
LH:101
BRDA:19,0,0,18
BRDA:19,0,1,0
BRDA:20,1,0,18
BRDA:20,1,1,1
BRDA:59,2,0,9
BRDA:59,2,1,31
BRDA:59,3,0,40
BRDA:59,3,1,31
BRDA:64,4,0,28
BRDA:64,4,1,12
BRDA:66,5,0,12
BRDA:66,5,1,0
BRDA:66,6,0,12
BRDA:66,6,1,12
BRDA:67,7,0,10
BRDA:67,7,1,2
BRDA:69,8,0,2
BRDA:69,8,1,0
BRDA:74,9,0,12
BRDA:74,9,1,0
BRDA:87,10,0,1
BRDA:87,10,1,10
BRDA:87,11,0,11
BRDA:87,11,1,10
BRDA:87,11,2,10
BRDA:91,12,0,10
BRDA:91,12,1,0
BRDA:93,13,0,11
BRDA:93,13,1,0
BRDA:95,14,0,0
BRDA:95,14,1,11
BRDA:95,15,0,11
BRDA:95,15,1,10
BRDA:95,15,2,10
BRDA:100,16,0,10
BRDA:100,16,1,0
BRDA:101,17,0,11
BRDA:101,17,1,8
BRDA:102,18,0,11
BRDA:102,18,1,8
BRDA:106,19,0,11
BRDA:106,19,1,9
BRDA:107,20,0,11
BRDA:107,20,1,9
BRDA:108,21,0,11
BRDA:108,21,1,9
BRDA:110,22,0,11
BRDA:110,22,1,4
BRDA:110,22,2,4
BRDA:118,23,0,11
BRDA:118,23,1,6
BRDA:119,24,0,11
BRDA:119,24,1,4
BRDA:131,25,0,5
BRDA:143,26,0,0
BRDA:143,26,1,5
BRDA:151,27,0,10
BRDA:151,27,1,10
BRDA:156,28,0,0
BRDA:156,28,1,10
BRDA:156,29,0,10
BRDA:156,29,1,0
BRDA:181,30,0,10
BRDA:181,30,1,0
BRDA:184,31,0,5
BRDA:184,31,1,5
BRDA:192,32,0,5
BRDA:192,32,1,0
BRDA:202,33,0,5
BRDA:202,33,1,0
BRDA:206,34,0,4
BRDA:206,34,1,1
BRDA:206,35,0,5
BRDA:206,35,1,4
BRDA:218,36,0,5
BRDA:218,36,1,0
BRDA:219,37,0,4
BRDA:219,37,1,1
BRDA:221,38,0,1
BRDA:221,38,1,3
BRDA:225,39,0,3
BRDA:225,39,1,0
BRDA:237,40,0,4
BRDA:237,40,1,1
BRDA:242,41,0,0
BRDA:242,41,1,5
BRDA:242,42,0,5
BRDA:242,42,1,0
BRF:88
BRH:70
end_of_record
TN:
SF:src/scrapers/doctors_licenses_scraper.ts
FN:47,parseDDMMYYYY
FN:82,parseDoctorRecord
FN:144,scrapeAndSyncDoctorsLicenses
FN:192,(anonymous_3)
FNF:4
FNH:4
FNDA:22,parseDDMMYYYY
FNDA:11,parseDoctorRecord
FNDA:5,scrapeAndSyncDoctorsLicenses
FNDA:5,(anonymous_3)
DA:48,22
DA:49,20
DA:50,20
DA:51,18
DA:52,3
DA:54,18
DA:55,1
DA:57,17
DA:58,17
DA:59,17
DA:61,17
DA:62,17
DA:63,17
DA:65,17
DA:66,1
DA:68,16
DA:69,1
DA:72,15
DA:83,11
DA:84,11
DA:86,11
DA:87,1
DA:90,10
DA:91,10
DA:92,10
DA:93,0
DA:96,10
DA:97,11
DA:100,11
DA:101,0
DA:104,10
DA:106,10
DA:107,10
DA:108,10
DA:109,1
DA:110,1
DA:111,1
DA:115,10
DA:118,11
DA:120,11
DA:122,11
DA:149,5
DA:150,5
DA:152,5
DA:153,5
DA:154,5
DA:156,5
DA:157,5
DA:158,5
DA:159,5
DA:160,5
DA:161,5
DA:162,5
DA:164,5
DA:165,5
DA:168,5
DA:169,10
DA:170,10
DA:171,10
DA:173,10
DA:174,10
DA:176,10
DA:177,5
DA:178,5
DA:181,5
DA:182,5
DA:183,5
DA:184,5
DA:185,5
DA:190,5
DA:191,5
DA:192,5
DA:195,5
DA:196,5
DA:197,5
DA:198,5
DA:199,5
DA:200,4
DA:204,5
DA:205,5
DA:206,5
DA:207,5
DA:208,5
DA:210,5
DA:211,5
DA:212,4
DA:213,4
DA:214,1
DA:215,1
DA:217,3
DA:218,4
DA:220,1
DA:221,1
DA:224,4
DA:225,4
DA:226,4
DA:227,4
DA:229,5
DA:230,4
DA:234,5
DA:235,0
DA:236,0
DA:239,5
DA:242,5
DA:245,5
DA:246,5
DA:248,5
DA:259,5
DA:260,5
DA:262,0
DA:263,0
DA:264,0
LF:112
LH:105
BRDA:48,0,0,2
BRDA:48,0,1,20
BRDA:48,1,0,22
BRDA:48,1,1,21
BRDA:50,2,0,2
BRDA:50,2,1,18
BRDA:50,3,0,20
BRDA:50,3,1,19
BRDA:51,4,0,3
BRDA:51,4,1,15
BRDA:54,5,0,1
BRDA:54,5,1,17
BRDA:65,6,0,1
BRDA:65,6,1,16
BRDA:65,7,0,17
BRDA:65,7,1,17
BRDA:65,7,2,16
BRDA:68,8,0,1
BRDA:68,8,1,15
BRDA:68,9,0,16
BRDA:68,9,1,16
BRDA:68,9,2,15
BRDA:68,9,3,15
BRDA:86,10,0,1
BRDA:86,10,1,10
BRDA:86,11,0,11
BRDA:86,11,1,10
BRDA:86,11,2,10
BRDA:86,11,3,10
BRDA:92,12,0,0
BRDA:92,12,1,10
BRDA:92,13,0,10
BRDA:92,13,1,10
BRDA:96,14,0,10
BRDA:96,14,1,0
BRDA:97,15,0,11
BRDA:97,15,1,0
BRDA:100,16,0,0
BRDA:100,16,1,11
BRDA:100,17,0,11
BRDA:100,17,1,0
BRDA:108,18,0,1
BRDA:108,18,1,9
BRDA:108,19,0,10
BRDA:108,19,1,2
BRDA:110,20,0,1
BRDA:110,20,1,0
BRDA:110,21,0,1
BRDA:110,21,1,1
BRDA:115,22,0,1
BRDA:115,22,1,9
BRDA:118,23,0,1
BRDA:118,23,1,9
BRDA:120,24,0,11
BRDA:120,24,1,0
BRDA:128,25,0,11
BRDA:128,25,1,0
BRDA:130,26,0,11
BRDA:130,26,1,9
BRDA:131,27,0,11
BRDA:131,27,1,9
BRDA:146,28,0,5
BRDA:159,29,0,0
BRDA:159,29,1,5
BRDA:159,30,0,5
BRDA:159,30,1,0
BRDA:169,31,0,10
BRDA:169,31,1,10
BRDA:174,32,0,10
BRDA:174,32,1,0
BRDA:176,33,0,5
BRDA:176,33,1,5
BRDA:184,34,0,5
BRDA:184,34,1,0
BRDA:195,35,0,5
BRDA:195,35,1,0
BRDA:199,36,0,4
BRDA:199,36,1,1
BRDA:199,37,0,5
BRDA:199,37,1,4
BRDA:210,38,0,5
BRDA:210,38,1,0
BRDA:211,39,0,4
BRDA:211,39,1,1
BRDA:213,40,0,1
BRDA:213,40,1,3
BRDA:217,41,0,3
BRDA:217,41,1,0
BRDA:229,42,0,4
BRDA:229,42,1,1
BRDA:234,43,0,0
BRDA:234,43,1,5
BRDA:234,44,0,5
BRDA:234,44,1,0
BRF:94
BRH:77
end_of_record
TN:
SF:src/scrapers/local_market_bonds_scraper.ts
FN:71,getBondTypeTranslation
FN:80,parseDDMMYYYY
FN:96,parseIssuanceDate
FN:105,parseNum
FN:114,parseLocalMarketBondRecord
FN:155,scrapeAndSyncLocalMarketBonds
FN:227,(anonymous_6)
FNF:7
FNH:7
FNDA:9,getBondTypeTranslation
FNDA:10,parseDDMMYYYY
FNDA:10,parseIssuanceDate
FNDA:70,parseNum
FNDA:6,parseLocalMarketBondRecord
FNDA:4,scrapeAndSyncLocalMarketBonds
FNDA:3,(anonymous_6)
DA:62,6
DA:72,9
DA:73,9
DA:74,9
DA:81,10
DA:82,8
DA:83,8
DA:84,8
DA:85,7
DA:86,7
DA:87,7
DA:88,7
DA:90,1
DA:97,10
DA:98,8
DA:99,8
DA:100,7
DA:102,1
DA:106,70
DA:107,18
DA:108,18
DA:117,6
DA:118,6
DA:119,1
DA:122,5
DA:123,5
DA:124,5
DA:125,5
DA:126,5
DA:128,6
DA:159,4
DA:160,4
DA:162,4
DA:163,4
DA:164,4
DA:166,4
DA:167,4
DA:168,4
DA:169,4
DA:170,4
DA:171,4
DA:174,4
DA:175,4
DA:176,4
DA:177,4
DA:178,4
DA:179,4
DA:182,4
DA:184,4
DA:185,4
DA:186,4
DA:188,4
DA:189,5
DA:191,5
DA:192,5
DA:194,5
DA:195,4
DA:197,5
DA:198,2
DA:199,2
DA:202,2
DA:203,2
DA:205,2
DA:206,4
DA:207,1
DA:210,1
DA:211,1
DA:212,1
DA:215,3
DA:216,3
DA:217,3
DA:218,3
DA:219,3
DA:224,2
DA:225,2
DA:226,2
DA:227,3
DA:229,2
DA:230,2
DA:231,2
DA:232,3
DA:233,3
DA:234,2
DA:238,2
DA:239,2
DA:240,2
DA:241,3
DA:242,3
DA:244,3
DA:245,3
DA:246,2
DA:247,2
DA:248,1
DA:249,1
DA:251,1
DA:252,2
DA:254,1
DA:255,1
DA:258,2
DA:259,2
DA:260,2
DA:261,2
DA:264,2
DA:265,2
DA:269,0
DA:270,0
DA:274,2
DA:275,0
DA:276,0
DA:279,2
DA:280,1
DA:284,3
DA:288,3
DA:289,3
DA:291,3
DA:303,3
DA:304,3
DA:306,1
DA:307,1
DA:308,1
LF:120
LH:116
BRDA:73,0,0,9
BRDA:73,0,1,1
BRDA:81,1,0,2
BRDA:81,1,1,8
BRDA:84,2,0,7
BRDA:84,2,1,1
BRDA:97,3,0,2
BRDA:97,3,1,8
BRDA:99,4,0,7
BRDA:99,4,1,1
BRDA:100,5,0,1
BRDA:100,5,1,6
BRDA:106,6,0,52
BRDA:106,6,1,18
BRDA:106,7,0,70
BRDA:106,7,1,18
BRDA:108,8,0,0
BRDA:108,8,1,18
BRDA:118,9,0,1
BRDA:118,9,1,5
BRDA:118,10,0,6
BRDA:118,10,1,5
BRDA:126,11,0,5
BRDA:126,11,1,0
BRDA:131,12,0,6
BRDA:131,12,1,0
BRDA:136,13,0,6
BRDA:136,13,1,0
BRDA:148,14,0,6
BRDA:148,14,1,0
BRDA:157,15,0,4
BRDA:168,16,0,0
BRDA:168,16,1,4
BRDA:176,17,0,4
BRDA:176,17,1,0
BRDA:178,18,0,4
BRDA:178,18,1,0
BRDA:178,19,0,4
BRDA:178,19,1,4
BRDA:189,20,0,5
BRDA:189,20,1,5
BRDA:195,21,0,4
BRDA:195,21,1,0
BRDA:197,22,0,2
BRDA:197,22,1,3
BRDA:206,23,0,1
BRDA:206,23,1,3
BRDA:216,24,0,3
BRDA:216,24,1,0
BRDA:218,25,0,3
BRDA:218,25,1,0
BRDA:224,26,0,2
BRDA:224,26,1,0
BRDA:229,27,0,2
BRDA:229,27,1,0
BRDA:233,28,0,2
BRDA:233,28,1,1
BRDA:233,29,0,3
BRDA:233,29,1,2
BRDA:245,30,0,2
BRDA:245,30,1,1
BRDA:247,31,0,1
BRDA:247,31,1,1
BRDA:251,32,0,1
BRDA:251,32,1,0
BRDA:264,33,0,2
BRDA:264,33,1,0
BRDA:269,34,0,0
BRDA:269,34,1,0
BRDA:274,35,0,0
BRDA:274,35,1,2
BRDA:279,36,0,1
BRDA:279,36,1,1
BRF:73
BRH:55
end_of_record
TN:
SF:src/scrapers/metadata_scraper.ts
FN:51,sanitizeNotes
FN:57,scrapeAndSyncDatasetMetadata
FN:102,(anonymous_2)
FN:120,(anonymous_3)
FN:142,(anonymous_4)
FNF:5
FNH:5
FNDA:6,sanitizeNotes
FNDA:3,scrapeAndSyncDatasetMetadata
FNDA:4,(anonymous_2)
FNDA:3,(anonymous_3)
FNDA:6,(anonymous_4)
DA:36,5
DA:52,6
DA:54,6
DA:60,3
DA:61,3
DA:63,3
DA:64,3
DA:65,3
DA:67,3
DA:68,3
DA:69,3
DA:73,3
DA:74,3
DA:75,3
DA:77,3
DA:78,3
DA:80,3
DA:81,1
DA:82,1
DA:85,2
DA:87,2
DA:89,2
DA:90,6
DA:91,0
DA:94,6
DA:95,6
DA:98,6
DA:99,2
DA:102,4
DA:103,4
DA:105,4
DA:106,2
DA:107,2
DA:111,6
DA:112,6
DA:113,6
DA:114,0
DA:116,6
DA:117,6
DA:118,6
DA:119,6
DA:120,6
DA:122,6
DA:137,2
DA:138,2
DA:140,2
DA:141,2
DA:142,6
DA:144,2
DA:145,2
DA:146,2
DA:147,6
DA:148,2
DA:152,2
DA:153,2
DA:155,2
DA:156,6
DA:157,6
DA:159,6
DA:161,6
DA:162,4
DA:163,4
DA:165,1
DA:178,1
DA:180,1
DA:195,2
DA:196,2
DA:197,1
DA:198,1
DA:199,1
DA:200,1
DA:202,1
DA:218,6
DA:219,5
DA:220,5
DA:221,5
DA:223,6
DA:226,2
DA:227,2
DA:230,2
DA:233,2
DA:234,2
DA:236,2
DA:247,2
DA:249,0
DA:250,0
LF:86
LH:82
BRDA:52,0,0,0
BRDA:52,0,1,6
BRDA:69,1,0,3
BRDA:69,1,1,1
BRDA:73,2,0,3
BRDA:73,2,1,3
BRDA:78,3,0,3
BRDA:78,3,1,0
BRDA:80,4,0,1
BRDA:80,4,1,2
BRDA:90,5,0,0
BRDA:90,5,1,6
BRDA:90,6,0,6
BRDA:90,6,1,6
BRDA:98,7,0,2
BRDA:98,7,1,4
BRDA:102,8,0,4
BRDA:102,8,1,0
BRDA:103,9,0,4
BRDA:103,9,1,4
BRDA:105,10,0,2
BRDA:105,10,1,2
BRDA:111,11,0,6
BRDA:111,11,1,0
BRDA:113,12,0,0
BRDA:113,12,1,6
BRDA:117,13,0,6
BRDA:117,13,1,0
BRDA:118,14,0,6
BRDA:118,14,1,0
BRDA:119,15,0,6
BRDA:119,15,1,0
BRDA:120,16,0,6
BRDA:120,16,1,0
BRDA:120,17,0,3
BRDA:120,17,1,0
BRDA:144,18,0,2
BRDA:144,18,1,0
BRDA:147,19,0,2
BRDA:147,19,1,4
BRDA:161,20,0,4
BRDA:161,20,1,2
BRDA:163,21,0,1
BRDA:163,21,1,3
BRDA:178,22,0,1
BRDA:178,22,1,0
BRDA:196,23,0,1
BRDA:196,23,1,1
BRDA:200,24,0,1
BRDA:200,24,1,0
BRDA:200,25,0,1
BRDA:200,25,1,1
BRDA:200,25,2,1
BRDA:218,26,0,5
BRDA:218,26,1,1
BRDA:226,27,0,2
BRDA:226,27,1,0
BRF:57
BRH:42
end_of_record
TN:
SF:src/scrapers/patent_classifications_scraper.ts
FN:42,parsePatentRecord
FN:100,scrapeAndSyncPatentClassifications
FN:175,(anonymous_2)
FNF:3
FNH:3
FNDA:13,parsePatentRecord
FNDA:5,scrapeAndSyncPatentClassifications
FNDA:5,(anonymous_2)
DA:43,13
DA:44,13
DA:45,13
DA:47,13
DA:54,2
DA:57,11
DA:58,11
DA:59,11
DA:60,1
DA:63,10
DA:64,10
DA:65,1
DA:68,9
DA:69,13
DA:72,13
DA:73,1
DA:76,8
DA:77,13
DA:79,13
DA:104,5
DA:105,5
DA:107,5
DA:108,5
DA:109,5
DA:111,5
DA:112,5
DA:113,5
DA:114,5
DA:115,5
DA:116,5
DA:119,5
DA:120,5
DA:121,5
DA:122,4
DA:123,4
DA:124,4
DA:127,5
DA:129,5
DA:130,5
DA:131,5
DA:134,5
DA:135,7
DA:137,7
DA:138,7
DA:140,7
DA:141,6
DA:143,7
DA:144,3
DA:145,3
DA:148,3
DA:149,3
DA:151,3
DA:153,6
DA:154,1
DA:157,1
DA:158,1
DA:159,1
DA:162,5
DA:163,5
DA:164,5
DA:165,5
DA:166,4
DA:172,3
DA:173,3
DA:174,3
DA:175,5
DA:178,3
DA:179,3
DA:180,3
DA:181,5
DA:182,5
DA:183,2
DA:187,3
DA:188,3
DA:189,3
DA:190,5
DA:191,5
DA:193,5
DA:194,5
DA:195,2
DA:196,2
DA:197,1
DA:198,1
DA:200,1
DA:201,2
DA:203,3
DA:204,3
DA:207,4
DA:208,4
DA:209,4
DA:210,4
DA:213,3
DA:214,3
DA:219,0
DA:220,0
DA:224,3
DA:225,0
DA:226,0
DA:229,3
DA:230,2
DA:234,4
DA:239,4
DA:240,4
DA:243,4
DA:255,4
DA:256,4
DA:258,1
DA:259,1
DA:260,1
LF:109
LH:105
BRDA:47,0,0,2
BRDA:47,0,1,11
BRDA:48,1,0,13
BRDA:48,1,1,13
BRDA:48,1,2,13
BRDA:48,1,3,12
BRDA:48,1,4,12
BRDA:59,2,0,1
BRDA:59,2,1,10
BRDA:59,3,0,11
BRDA:59,3,1,10
BRDA:64,4,0,1
BRDA:64,4,1,9
BRDA:68,5,0,9
BRDA:68,5,1,6
BRDA:69,6,0,13
BRDA:69,6,1,3
BRDA:72,7,0,1
BRDA:72,7,1,12
BRDA:72,8,0,13
BRDA:72,8,1,6
BRDA:76,9,0,8
BRDA:76,9,1,1
BRDA:102,10,0,5
BRDA:113,11,0,0
BRDA:113,11,1,5
BRDA:121,12,0,4
BRDA:121,12,1,1
BRDA:123,13,0,4
BRDA:123,13,1,0
BRDA:123,14,0,4
BRDA:123,14,1,4
BRDA:135,15,0,7
BRDA:135,15,1,7
BRDA:141,16,0,6
BRDA:141,16,1,0
BRDA:143,17,0,3
BRDA:143,17,1,4
BRDA:153,18,0,1
BRDA:153,18,1,5
BRDA:163,19,0,5
BRDA:163,19,1,0
BRDA:165,20,0,4
BRDA:165,20,1,1
BRDA:172,21,0,3
BRDA:172,21,1,0
BRDA:178,22,0,3
BRDA:178,22,1,0
BRDA:182,23,0,2
BRDA:182,23,1,3
BRDA:182,24,0,5
BRDA:182,24,1,2
BRDA:194,25,0,2
BRDA:194,25,1,3
BRDA:196,26,0,1
BRDA:196,26,1,1
BRDA:200,27,0,1
BRDA:200,27,1,0
BRDA:213,28,0,3
BRDA:213,28,1,0
BRDA:219,29,0,0
BRDA:219,29,1,0
BRDA:224,30,0,0
BRDA:224,30,1,3
BRDA:229,31,0,2
BRDA:229,31,1,1
BRF:66
BRH:55
end_of_record
TN:
SF:src/scrapers/travel_warnings_scraper.ts
FN:45,extractWarningLevel
FN:61,parseTravelWarningRecord
FN:109,scrapeAndSyncTravelWarnings
FN:157,(anonymous_3)
FNF:4
FNH:4
FNDA:10,extractWarningLevel
FNDA:5,parseTravelWarningRecord
FNDA:2,scrapeAndSyncTravelWarnings
FNDA:2,(anonymous_3)
DA:46,10
DA:47,8
DA:48,8
DA:49,7
DA:51,1
DA:64,5
DA:65,5
DA:66,1
DA:69,4
DA:70,4
DA:71,5
DA:72,5
DA:73,5
DA:74,5
DA:75,5
DA:76,5
DA:79,5
DA:80,1
DA:83,3
DA:84,3
DA:86,5
DA:114,2
DA:115,2
DA:117,2
DA:118,2
DA:119,2
DA:121,2
DA:122,2
DA:123,2
DA:124,2
DA:125,2
DA:126,2
DA:127,2
DA:129,2
DA:130,2
DA:133,2
DA:134,4
DA:135,4
DA:136,4
DA:138,4
DA:139,4
DA:141,4
DA:142,2
DA:143,2
DA:146,2
DA:147,2
DA:148,2
DA:149,2
DA:150,2
DA:155,2
DA:156,2
DA:157,2
DA:160,2
DA:161,2
DA:162,2
DA:163,2
DA:164,2
DA:165,1
DA:169,2
DA:170,2
DA:171,2
DA:172,2
DA:173,2
DA:175,2
DA:176,2
DA:177,1
DA:178,1
DA:179,0
DA:180,0
DA:182,1
DA:183,1
DA:185,1
DA:186,1
DA:189,2
DA:190,2
DA:191,2
DA:192,2
DA:194,2
DA:195,2
DA:199,2
DA:200,0
DA:201,0
DA:204,2
DA:207,2
DA:210,2
DA:211,2
DA:213,2
DA:224,2
DA:225,2
DA:227,0
DA:228,0
DA:229,0
LF:92
LH:85
BRDA:46,0,0,2
BRDA:46,0,1,8
BRDA:48,1,0,7
BRDA:48,1,1,1
BRDA:48,2,0,8
BRDA:48,2,1,7
BRDA:65,3,0,1
BRDA:65,3,1,4
BRDA:65,4,0,5
BRDA:65,4,1,4
BRDA:70,5,0,4
BRDA:70,5,1,0
BRDA:71,6,0,5
BRDA:71,6,1,1
BRDA:72,7,0,5
BRDA:72,7,1,0
BRDA:73,8,0,5
BRDA:73,8,1,3
BRDA:74,9,0,5
BRDA:74,9,1,3
BRDA:75,10,0,2
BRDA:75,10,1,2
BRDA:76,11,0,5
BRDA:76,11,1,2
BRDA:79,12,0,1
BRDA:79,12,1,4
BRDA:84,13,0,3
BRDA:84,13,1,1
BRDA:111,14,0,2
BRDA:124,15,0,0
BRDA:124,15,1,2
BRDA:124,16,0,2
BRDA:124,16,1,0
BRDA:134,17,0,4
BRDA:134,17,1,4
BRDA:139,18,0,4
BRDA:139,18,1,0
BRDA:141,19,0,2
BRDA:141,19,1,2
BRDA:149,20,0,2
BRDA:149,20,1,0
BRDA:160,21,0,2
BRDA:160,21,1,0
BRDA:164,22,0,1
BRDA:164,22,1,1
BRDA:164,23,0,2
BRDA:164,23,1,1
BRDA:175,24,0,2
BRDA:175,24,1,0
BRDA:176,25,0,1
BRDA:176,25,1,1
BRDA:178,26,0,0
BRDA:178,26,1,1
BRDA:182,27,0,1
BRDA:182,27,1,0
BRDA:194,28,0,2
BRDA:194,28,1,0
BRDA:199,29,0,0
BRDA:199,29,1,2
BRDA:199,30,0,2
BRDA:199,30,1,0
BRF:61
BRH:48
end_of_record
TN:
SF:src/scrapers/vehicle_recalls_scraper.ts
FN:50,cleanString
FN:55,parseDateString
FN:72,getTranslatedRecallType
FN:85,parseRecallRecord
FN:140,scrapeAndSyncVehicleRecalls
FN:227,(anonymous_5)
FNF:6
FNH:6
FNDA:45,cleanString
FNDA:10,parseDateString
FNDA:8,getTranslatedRecallType
FNDA:7,parseRecallRecord
FNDA:3,scrapeAndSyncVehicleRecalls
FNDA:3,(anonymous_5)
DA:51,45
DA:52,45
DA:56,10
DA:57,10
DA:58,10
DA:59,10
DA:65,10
DA:66,10
DA:67,10
DA:69,0
DA:73,8
DA:74,8
DA:75,8
DA:76,6
DA:77,2
DA:78,1
DA:79,1
DA:80,1
DA:82,8
DA:86,7
DA:87,7
DA:89,7
DA:90,2
DA:93,5
DA:94,7
DA:95,0
DA:98,5
DA:99,5
DA:100,7
DA:101,7
DA:102,7
DA:104,7
DA:105,7
DA:107,7
DA:108,7
DA:109,7
DA:110,7
DA:111,7
DA:112,7
DA:113,7
DA:114,7
DA:116,7
DA:118,7
DA:145,3
DA:146,3
DA:147,3
DA:148,3
DA:149,3
DA:151,3
DA:152,3
DA:153,3
DA:154,3
DA:155,3
DA:156,3
DA:157,3
DA:159,3
DA:160,3
DA:162,3
DA:163,6
DA:164,6
DA:165,6
DA:167,6
DA:168,6
DA:169,0
DA:208,6
DA:209,6
DA:212,6
DA:213,3
DA:214,3
DA:217,3
DA:218,3
DA:219,3
DA:220,3
DA:221,3
DA:225,3
DA:226,3
DA:227,3
DA:230,3
DA:231,3
DA:232,3
DA:233,3
DA:234,3
DA:235,2
DA:239,3
DA:240,3
DA:241,3
DA:242,3
DA:243,3
DA:245,3
DA:246,3
DA:247,2
DA:248,2
DA:249,1
DA:250,1
DA:252,1
DA:253,2
DA:255,1
DA:256,1
DA:259,2
DA:260,2
DA:261,2
DA:262,2
DA:264,3
DA:265,2
DA:269,3
DA:270,0
DA:271,0
DA:274,3
DA:277,3
DA:279,3
DA:280,3
DA:282,3
DA:293,3
DA:294,3
DA:296,0
DA:297,0
DA:298,0
LF:117
LH:109
BRDA:51,0,0,0
BRDA:51,0,1,45
BRDA:51,1,0,45
BRDA:51,1,1,45
BRDA:56,2,0,0
BRDA:56,2,1,10
BRDA:58,3,0,10
BRDA:58,3,1,0
BRDA:58,4,0,10
BRDA:58,4,1,10
BRDA:59,5,0,0
BRDA:59,5,1,10
BRDA:61,6,0,0
BRDA:61,6,1,10
BRDA:66,7,0,10
BRDA:66,7,1,0
BRDA:73,8,0,8
BRDA:73,8,1,0
BRDA:75,9,0,6
BRDA:75,9,1,2
BRDA:77,10,0,1
BRDA:77,10,1,1
BRDA:79,11,0,1
BRDA:79,11,1,0
BRDA:89,12,0,2
BRDA:89,12,1,5
BRDA:89,13,0,7
BRDA:89,13,1,6
BRDA:89,13,2,6
BRDA:89,13,3,5
BRDA:93,14,0,5
BRDA:93,14,1,0
BRDA:94,15,0,0
BRDA:94,15,1,7
BRDA:99,16,0,5
BRDA:99,16,1,0
BRDA:100,17,0,7
BRDA:100,17,1,0
BRDA:101,18,0,7
BRDA:101,18,1,0
BRDA:102,19,0,7
BRDA:102,19,1,0
BRDA:104,20,0,7
BRDA:104,20,1,0
BRDA:105,21,0,7
BRDA:105,21,1,0
BRDA:107,22,0,7
BRDA:107,22,1,0
BRDA:108,23,0,7
BRDA:108,23,1,4
BRDA:109,24,0,7
BRDA:109,24,1,4
BRDA:110,25,0,7
BRDA:110,25,1,4
BRDA:111,26,0,7
BRDA:111,26,1,4
BRDA:112,27,0,7
BRDA:112,27,1,4
BRDA:113,28,0,7
BRDA:113,28,1,4
BRDA:114,29,0,7
BRDA:114,29,1,4
BRDA:116,30,0,7
BRDA:116,30,1,0
BRDA:116,30,2,0
BRDA:142,31,0,3
BRDA:154,32,0,0
BRDA:154,32,1,3
BRDA:163,33,0,6
BRDA:163,33,1,6
BRDA:168,34,0,0
BRDA:168,34,1,6
BRDA:168,35,0,6
BRDA:168,35,1,0
BRDA:209,36,0,6
BRDA:209,36,1,0
BRDA:212,37,0,3
BRDA:212,37,1,3
BRDA:220,38,0,3
BRDA:220,38,1,0
BRDA:230,39,0,3
BRDA:230,39,1,0
BRDA:234,40,0,2
BRDA:234,40,1,1
BRDA:234,41,0,3
BRDA:234,41,1,2
BRDA:245,42,0,3
BRDA:245,42,1,0
BRDA:246,43,0,2
BRDA:246,43,1,1
BRDA:248,44,0,1
BRDA:248,44,1,1
BRDA:252,45,0,1
BRDA:252,45,1,0
BRDA:264,46,0,2
BRDA:264,46,1,1
BRDA:269,47,0,0
BRDA:269,47,1,3
BRDA:269,48,0,3
BRDA:269,48,1,0
BRF:100
BRH:71
end_of_record
TN:
SF:src/utils/alerts.ts
FN:19,createAlert
FN:46,broadcastAlert
FN:97,notifySubscribers
FNF:3
FNH:3
FNDA:1,createAlert
FNDA:5,broadcastAlert
FNDA:3,notifySubscribers
DA:24,1
DA:25,1
DA:26,1
DA:28,1
DA:40,1
DA:50,5
DA:51,5
DA:52,1
DA:55,4
DA:56,4
DA:57,4
DA:59,4
DA:60,508
DA:61,508
DA:67,508
DA:79,508
DA:80,508
DA:82,508
DA:83,1
DA:84,1
DA:85,1
DA:89,4
DA:90,4
DA:102,3
DA:107,3
DA:108,1
DA:111,2
DA:112,2
DA:113,2
DA:115,2
DA:116,506
DA:117,506
DA:119,506
DA:125,506
DA:137,506
DA:138,506
DA:140,506
DA:141,1
DA:142,1
DA:143,1
DA:147,2
DA:148,2
LF:42
LH:42
BRDA:34,0,0,1
BRDA:34,0,1,0
BRDA:35,1,0,0
BRDA:35,1,1,1
BRDA:51,2,0,1
BRDA:51,2,1,4
BRDA:73,3,0,508
BRDA:73,3,1,505
BRDA:74,4,0,0
BRDA:74,4,1,508
BRDA:82,5,0,1
BRDA:82,5,1,507
BRDA:89,6,0,4
BRDA:89,6,1,0
BRDA:107,7,0,1
BRDA:107,7,1,2
BRDA:117,8,0,0
BRDA:117,8,1,506
BRDA:131,9,0,506
BRDA:131,9,1,0
BRDA:132,10,0,1
BRDA:132,10,1,505
BRDA:140,11,0,1
BRDA:140,11,1,505
BRDA:147,12,0,2
BRDA:147,12,1,0
BRF:26
BRH:19
end_of_record
TN:
SF:src/utils/constants.ts
FNF:0
FNH:0
DA:4,18
LF:1
LH:1
BRF:0
BRH:0
end_of_record
TN:
SF:src/utils/equality.ts
FN:10,areRecordsEqual
FN:66,(anonymous_1)
FN:67,(anonymous_2)
FNF:3
FNH:3
FNDA:352,areRecordsEqual
FNDA:346,(anonymous_1)
FNDA:416,(anonymous_2)
DA:11,352
DA:14,106
DA:18,6
DA:20,100
DA:21,11
DA:25,89
DA:28,87
DA:29,14
DA:33,73
DA:34,4
DA:39,69
DA:44,352
DA:48,352
DA:49,12
DA:50,10
DA:54,57
DA:55,11
DA:56,7
DA:57,5
DA:58,8
DA:60,3
DA:64,46
DA:66,346
DA:67,416
DA:69,46
DA:71,46
DA:72,272
DA:73,272
DA:75,272
DA:76,19
DA:80,27
LF:31
LH:31
BRDA:11,0,0,246
BRDA:11,0,1,106
BRDA:14,1,0,6
BRDA:14,1,1,100
BRDA:14,2,0,106
BRDA:14,2,1,100
BRDA:14,2,2,15
BRDA:14,2,3,13
BRDA:20,3,0,11
BRDA:20,3,1,89
BRDA:20,4,0,100
BRDA:20,4,1,98
BRDA:20,4,2,91
BRDA:20,4,3,89
BRDA:25,5,0,2
BRDA:25,5,1,87
BRDA:28,6,0,14
BRDA:28,6,1,73
BRDA:33,7,0,4
BRDA:33,7,1,69
BRDA:33,8,0,73
BRDA:33,8,1,4
BRDA:39,9,0,69
BRDA:39,9,1,12
BRDA:39,9,2,12
BRDA:39,9,3,12
BRDA:44,10,0,352
BRDA:44,10,1,12
BRDA:44,10,2,10
BRDA:44,10,3,10
BRDA:48,11,0,12
BRDA:48,11,1,340
BRDA:48,12,0,352
BRDA:48,12,1,57
BRDA:49,13,0,2
BRDA:49,13,1,10
BRDA:49,14,0,12
BRDA:49,14,1,12
BRDA:50,15,0,10
BRDA:50,15,1,8
BRDA:54,16,0,11
BRDA:54,16,1,46
BRDA:54,17,0,57
BRDA:54,17,1,48
BRDA:55,18,0,4
BRDA:55,18,1,7
BRDA:55,19,0,11
BRDA:55,19,1,9
BRDA:56,20,0,2
BRDA:56,20,1,5
BRDA:58,21,0,2
BRDA:58,21,1,6
BRDA:75,22,0,19
BRDA:75,22,1,253
BRF:54
BRH:54
end_of_record
TN:
SF:src/utils/geohash.ts
FN:10,encodeGeohash
FNF:1
FNH:1
FNDA:27,encodeGeohash
DA:1,6
DA:11,27
DA:12,0
DA:14,27
DA:15,0
DA:18,27
DA:19,27
DA:20,27
DA:21,27
DA:22,27
DA:23,27
DA:24,27
DA:25,27
DA:27,27
DA:28,1215
DA:29,621
DA:30,621
DA:31,351
DA:32,351
DA:34,270
DA:35,270
DA:38,594
DA:39,594
DA:40,376
DA:41,376
DA:43,218
DA:44,218
DA:48,1215
DA:49,1215
DA:51,1215
DA:52,243
DA:53,243
DA:54,243
DA:58,27
LF:34
LH:32
BRDA:10,0,0,27
BRDA:11,1,0,0
BRDA:11,1,1,27
BRDA:11,2,0,27
BRDA:11,2,1,27
BRDA:14,3,0,0
BRDA:14,3,1,27
BRDA:14,4,0,27
BRDA:14,4,1,27
BRDA:28,5,0,621
BRDA:28,5,1,594
BRDA:30,6,0,351
BRDA:30,6,1,270
BRDA:39,7,0,376
BRDA:39,7,1,218
BRDA:51,8,0,243
BRDA:51,8,1,972
BRF:17
BRH:15
end_of_record
TN:
SF:src/utils/logger.ts
FN:25,info
FN:46,warn
FN:68,error
FNF:3
FNH:3
FNDA:17,info
FNDA:17,warn
FNDA:17,error
DA:17,17
DA:26,249
DA:27,249
DA:29,249
DA:30,8
DA:31,6
DA:33,2
DA:37,249
DA:47,3
DA:48,3
DA:50,3
DA:51,2
DA:52,1
DA:54,1
DA:58,3
DA:69,4
DA:70,4
DA:71,4
DA:72,4
DA:74,4
DA:75,5
DA:76,3
DA:77,2
DA:78,2
DA:80,0
DA:84,4
DA:85,3
DA:86,3
DA:87,3
DA:88,1
DA:89,0
DA:90,0
DA:92,1
DA:95,4
LF:34
LH:31
BRDA:30,0,0,6
BRDA:30,0,1,2
BRDA:30,1,0,8
BRDA:30,1,1,6
BRDA:51,2,0,1
BRDA:51,2,1,1
BRDA:51,3,0,2
BRDA:51,3,1,1
BRDA:75,4,0,3
BRDA:75,4,1,2
BRDA:77,5,0,2
BRDA:77,5,1,0
BRDA:77,6,0,2
BRDA:77,6,1,2
BRDA:84,7,0,3
BRDA:84,7,1,1
BRDA:88,8,0,0
BRDA:88,8,1,1
BRF:18
BRH:16
end_of_record
TN:
SF:src/utils/telemetry.ts
FN:13,constructor
FN:22,start
FN:31,complete
FN:83,fail
FNF:4
FNH:4
FNDA:5,constructor
FNDA:4,start
FNDA:3,complete
FNDA:1,fail
DA:14,5
DA:15,5
DA:23,5
DA:32,3
DA:33,3
DA:39,3
DA:45,1
DA:46,1
DA:47,1
DA:50,1
DA:51,1
DA:52,1
DA:54,1
DA:55,1
DA:58,3
DA:71,3
DA:72,3
DA:74,0
DA:84,1
DA:85,1
DA:88,1
DA:89,1
DA:91,1
DA:104,1
DA:105,1
DA:107,0
LF:26
LH:24
BRDA:39,0,0,0
BRDA:39,0,1,1
BRDA:39,0,2,1
BRDA:39,0,3,1
BRDA:39,0,4,1
BRDA:88,1,0,1
BRDA:88,1,1,0
BRDA:89,2,0,1
BRDA:89,2,1,0
BRF:9
BRH:6
end_of_record
