TN:
SF:src/index.ts
FN:27,(anonymous_0)
FN:29,(anonymous_1)
FN:31,(anonymous_2)
FN:33,(anonymous_3)
FN:35,(anonymous_4)
FN:36,(anonymous_5)
FN:37,(anonymous_6)
FN:39,(anonymous_7)
FN:40,(anonymous_8)
FN:70,handleCors
FN:109,checkAndLogApiReachability
FN:158,(anonymous_11)
FN:168,(anonymous_12)
FN:188,updateSchedulerOnComplete
FN:239,(anonymous_14)
FN:313,(anonymous_15)
FN:369,validateAdminRequest
FN:445,shouldBypassEmulatorSeeder
FN:477,createManualSyncHandler
FN:481,(anonymous_19)
FN:586,(anonymous_20)
FNF:21
FNH:9
FNDA:2,(anonymous_0)
FNDA:0,(anonymous_1)
FNDA:0,(anonymous_2)
FNDA:1,(anonymous_3)
FNDA:0,(anonymous_4)
FNDA:0,(anonymous_5)
FNDA:0,(anonymous_6)
FNDA:0,(anonymous_7)
FNDA:0,(anonymous_8)
FNDA:13,handleCors
FNDA:0,checkAndLogApiReachability
FNDA:0,(anonymous_11)
FNDA:0,(anonymous_12)
FNDA:7,updateSchedulerOnComplete
FNDA:3,(anonymous_14)
FNDA:0,(anonymous_15)
FNDA:5,validateAdminRequest
FNDA:2,shouldBypassEmulatorSeeder
FNDA:36,createManualSyncHandler
FNDA:5,(anonymous_19)
FNDA:0,(anonymous_20)
DA:26,4
DA:27,2
DA:29,0
DA:31,0
DA:33,1
DA:35,0
DA:36,0
DA:37,0
DA:39,0
DA:40,0
DA:43,4
DA:55,4
DA:57,4
DA:61,4
DA:71,13
DA:73,13
DA:75,6
DA:78,7
DA:80,7
DA:85,7
DA:86,6
DA:88,6
DA:90,1
DA:94,13
DA:95,1
DA:96,1
DA:97,1
DA:98,1
DA:99,1
DA:101,12
DA:112,0
DA:113,0
DA:114,0
DA:115,0
DA:117,0
DA:120,0
DA:121,0
DA:122,0
DA:124,0
DA:132,0
DA:133,0
DA:135,0
DA:136,0
DA:137,0
DA:139,0
DA:147,0
DA:148,0
DA:155,4
DA:159,0
DA:160,0
DA:166,4
DA:169,0
DA:170,0
DA:171,0
DA:172,0
DA:173,0
DA:175,0
DA:176,0
DA:193,7
DA:194,7
DA:196,7
DA:197,7
DA:198,7
DA:199,7
DA:201,7
DA:202,1
DA:203,1
DA:204,1
DA:206,1
DA:207,1
DA:211,7
DA:213,7
DA:225,7
DA:229,0
DA:236,4
DA:240,3
DA:241,3
DA:242,3
DA:243,3
DA:248,3
DA:249,3
DA:251,3
DA:252,3
DA:254,0
DA:255,0
DA:256,0
DA:260,3
DA:261,3
DA:262,3
DA:263,3
DA:266,3
DA:267,2
DA:268,2
DA:269,2
DA:270,2
DA:271,2
DA:272,2
DA:273,1
DA:277,1
DA:278,1
DA:279,1
DA:282,1
DA:283,1
DA:288,2
DA:289,1
DA:292,1
DA:298,1
DA:299,1
DA:303,0
DA:310,4
DA:315,0
DA:316,0
DA:317,0
DA:319,0
DA:320,0
DA:323,0
DA:324,0
DA:325,0
DA:328,0
DA:330,0
DA:331,0
DA:332,0
DA:333,0
DA:337,0
DA:340,0
DA:341,0
DA:343,0
DA:348,0
DA:349,0
DA:352,0
DA:353,0
DA:355,0
DA:356,0
DA:360,0
DA:361,0
DA:375,5
DA:376,2
DA:377,2
DA:381,3
DA:382,0
DA:383,0
DA:387,0
DA:391,3
DA:392,3
DA:393,0
DA:394,0
DA:398,0
DA:401,3
DA:402,3
DA:404,3
DA:405,3
DA:408,3
DA:409,3
DA:410,0
DA:411,0
DA:415,0
DA:418,3
DA:419,3
DA:420,1
DA:421,1
DA:425,1
DA:428,2
DA:430,0
DA:431,0
DA:432,0
DA:437,0
DA:446,2
DA:447,2
DA:448,2
DA:449,2
DA:451,2
DA:452,2
DA:453,2
DA:454,2
DA:455,2
DA:456,2
DA:457,2
DA:458,1
DA:461,1
DA:466,0
DA:471,1
DA:481,36
DA:482,5
DA:483,5
DA:484,5
DA:485,5
DA:487,4
DA:488,2
DA:489,2
DA:490,1
DA:494,1
DA:498,3
DA:499,3
DA:501,3
DA:506,3
DA:507,3
DA:508,0
DA:511,3
DA:512,3
DA:513,3
DA:516,3
DA:517,3
DA:518,3
DA:523,0
DA:524,0
DA:528,0
DA:529,0
DA:530,0
DA:539,4
DA:545,4
DA:551,4
DA:555,4
DA:559,4
DA:563,4
DA:567,4
DA:571,4
DA:575,4
DA:583,4
DA:587,0
DA:588,0
DA:589,0
DA:590,0
DA:593,0
DA:594,0
DA:595,0
DA:597,0
DA:607,0
DA:608,0
DA:609,0
DA:611,0
LF:230
LH:135
BRDA:71,0,0,13
BRDA:71,0,1,6
BRDA:73,1,0,6
BRDA:73,1,1,7
BRDA:78,2,0,7
BRDA:78,2,1,5
BRDA:80,3,0,7
BRDA:80,3,1,6
BRDA:80,3,2,5
BRDA:80,3,3,4
BRDA:85,4,0,6
BRDA:85,4,1,1
BRDA:85,5,0,7
BRDA:85,5,1,4
BRDA:94,6,0,1
BRDA:94,6,1,12
BRDA:112,7,0,0
BRDA:112,7,1,0
BRDA:122,8,0,0
BRDA:122,8,1,0
BRDA:137,9,0,0
BRDA:137,9,1,0
BRDA:170,10,0,0
BRDA:170,10,1,0
BRDA:178,11,0,0
BRDA:178,11,1,0
BRDA:198,12,0,7
BRDA:198,12,1,1
BRDA:201,13,0,1
BRDA:201,13,1,6
BRDA:203,14,0,1
BRDA:203,14,1,0
BRDA:204,15,0,1
BRDA:204,15,1,0
BRDA:206,16,0,1
BRDA:206,16,1,0
BRDA:255,17,0,0
BRDA:255,17,1,0
BRDA:266,18,0,2
BRDA:266,18,1,1
BRDA:267,19,0,2
BRDA:267,19,1,0
BRDA:268,20,0,2
BRDA:268,20,1,0
BRDA:272,21,0,1
BRDA:272,21,1,1
BRDA:288,22,0,1
BRDA:288,22,1,1
BRDA:288,23,0,2
BRDA:288,23,1,2
BRDA:288,23,2,2
BRDA:317,24,0,0
BRDA:317,24,1,0
BRDA:323,25,0,0
BRDA:323,25,1,0
BRDA:331,26,0,0
BRDA:331,26,1,0
BRDA:375,27,0,2
BRDA:375,27,1,3
BRDA:375,28,0,5
BRDA:375,28,1,5
BRDA:381,29,0,0
BRDA:381,29,1,3
BRDA:392,30,0,0
BRDA:392,30,1,3
BRDA:392,31,0,3
BRDA:392,31,1,3
BRDA:409,32,0,0
BRDA:409,32,1,3
BRDA:419,33,0,1
BRDA:419,33,1,2
BRDA:419,34,0,3
BRDA:419,34,1,3
BRDA:451,35,0,2
BRDA:451,35,1,0
BRDA:455,36,0,2
BRDA:455,36,1,0
BRDA:455,37,0,2
BRDA:455,37,1,2
BRDA:455,37,2,2
BRDA:457,38,0,1
BRDA:457,38,1,1
BRDA:479,39,0,36
BRDA:483,40,0,0
BRDA:483,40,1,5
BRDA:485,41,0,1
BRDA:485,41,1,4
BRDA:487,42,0,2
BRDA:487,42,1,2
BRDA:487,43,0,4
BRDA:487,43,1,3
BRDA:489,44,0,1
BRDA:489,44,1,1
BRDA:507,45,0,0
BRDA:507,45,1,3
BRDA:532,46,0,0
BRDA:532,46,1,0
BRDA:589,47,0,0
BRDA:589,47,1,0
BRDA:590,48,0,0
BRDA:590,48,1,0
BRDA:594,49,0,0
BRDA:594,49,1,0
BRDA:595,50,0,0
BRDA:595,50,1,0
BRF:105
BRH:65
end_of_record
TN:
SF:src/scrapers/bank_atms_scraper.ts
FN:12,isValidIsraelCoordinates
FN:19,parseHebrewBoolean
FN:115,parseAtmRecord
FN:197,scrapeAndSyncBankAtms
FN:243,(anonymous_4)
FNF:5
FNH:5
FNDA:13,isValidIsraelCoordinates
FNDA:46,parseHebrewBoolean
FNDA:10,parseAtmRecord
FNDA:4,scrapeAndSyncBankAtms
FNDA:3,(anonymous_4)
DA:13,13
DA:20,46
DA:21,36
DA:22,36
DA:27,4
DA:43,4
DA:116,10
DA:118,10
DA:119,1
DA:122,9
DA:125,9
DA:126,9
DA:127,1
DA:131,8
DA:132,8
DA:134,8
DA:135,1
DA:138,7
DA:139,10
DA:141,10
DA:142,1
DA:145,6
DA:146,1
DA:149,5
DA:152,5
DA:153,10
DA:156,10
DA:157,10
DA:159,10
DA:160,10
DA:161,10
DA:163,10
DA:202,4
DA:203,4
DA:205,4
DA:206,4
DA:207,4
DA:209,4
DA:210,4
DA:211,4
DA:212,4
DA:213,4
DA:214,4
DA:216,4
DA:217,4
DA:220,4
DA:221,7
DA:222,7
DA:224,7
DA:225,6
DA:227,7
DA:228,3
DA:229,3
DA:232,3
DA:233,3
DA:234,3
DA:235,3
DA:236,3
DA:241,3
DA:242,3
DA:243,3
DA:246,3
DA:247,3
DA:248,3
DA:249,3
DA:250,3
DA:251,2
DA:255,3
DA:256,3
DA:257,3
DA:258,3
DA:259,3
DA:261,3
DA:262,3
DA:263,2
DA:264,2
DA:265,2
DA:266,1
DA:267,1
DA:269,1
DA:270,2
DA:272,1
DA:273,1
DA:276,2
DA:277,2
DA:278,2
DA:280,3
DA:281,2
DA:285,3
DA:286,0
DA:287,0
DA:290,3
DA:293,3
DA:296,3
DA:297,3
DA:299,3
DA:310,3
DA:311,3
DA:313,1
DA:314,1
DA:315,1
LF:101
LH:99
BRDA:13,0,0,13
BRDA:13,0,1,11
BRDA:13,0,2,10
BRDA:13,0,3,9
BRDA:20,1,0,10
BRDA:20,1,1,36
BRDA:20,2,0,46
BRDA:20,2,1,37
BRDA:118,3,0,1
BRDA:118,3,1,9
BRDA:118,4,0,10
BRDA:118,4,1,9
BRDA:126,5,0,1
BRDA:126,5,1,8
BRDA:126,6,0,9
BRDA:126,6,1,8
BRDA:134,7,0,1
BRDA:134,7,1,7
BRDA:134,8,0,8
BRDA:134,8,1,7
BRDA:134,8,2,7
BRDA:134,8,3,7
BRDA:138,9,0,6
BRDA:138,9,1,1
BRDA:139,10,0,0
BRDA:139,10,1,7
BRDA:141,11,0,1
BRDA:141,11,1,9
BRDA:141,12,0,10
BRDA:141,12,1,6
BRDA:145,13,0,1
BRDA:145,13,1,5
BRDA:152,14,0,5
BRDA:152,14,1,1
BRDA:153,15,0,10
BRDA:153,15,1,1
BRDA:156,16,0,10
BRDA:156,16,1,1
BRDA:157,17,0,10
BRDA:157,17,1,1
BRDA:159,18,0,10
BRDA:159,18,1,1
BRDA:160,19,0,10
BRDA:160,19,1,5
BRDA:161,20,0,10
BRDA:161,20,1,1
BRDA:171,21,0,10
BRDA:171,21,1,1
BRDA:172,22,0,10
BRDA:172,22,1,4
BRDA:173,23,0,10
BRDA:173,23,1,1
BRDA:199,24,0,4
BRDA:212,25,0,0
BRDA:212,25,1,4
BRDA:212,26,0,4
BRDA:212,26,1,0
BRDA:225,27,0,6
BRDA:225,27,1,0
BRDA:227,28,0,3
BRDA:227,28,1,4
BRDA:235,29,0,3
BRDA:235,29,1,0
BRDA:246,30,0,3
BRDA:246,30,1,0
BRDA:250,31,0,2
BRDA:250,31,1,1
BRDA:250,32,0,3
BRDA:250,32,1,2
BRDA:261,33,0,3
BRDA:261,33,1,0
BRDA:262,34,0,2
BRDA:262,34,1,1
BRDA:265,35,0,1
BRDA:265,35,1,1
BRDA:269,36,0,1
BRDA:269,36,1,0
BRDA:280,37,0,2
BRDA:280,37,1,1
BRDA:285,38,0,0
BRDA:285,38,1,3
BRDA:285,39,0,3
BRDA:285,39,1,0
BRF:83
BRH:73
end_of_record
TN:
SF:src/scrapers/cellular_antennas_scraper.ts
FN:17,convertItmToWgs84
FN:25,isValidIsraelCoordinates
FN:38,getTranslatedOperator
FN:87,parseFrequency
FN:95,parseDdmmyyyyToISO
FN:117,translateAddress
FN:144,parseRecord
FN:204,saveAntennasToFirestore
FN:216,(anonymous_8)
FN:257,scrapeAndSyncAntennas
FNF:10
FNH:10
FNDA:16,convertItmToWgs84
FNDA:18,isValidIsraelCoordinates
FNDA:15,getTranslatedOperator
FNDA:15,parseFrequency
FNDA:15,parseDdmmyyyyToISO
FNDA:15,translateAddress
FNDA:16,parseRecord
FNDA:7,saveAntennasToFirestore
FNDA:8,(anonymous_8)
FNDA:9,scrapeAndSyncAntennas
DA:11,4
DA:15,4
DA:21,16
DA:22,16
DA:26,18
DA:30,4
DA:39,15
DA:40,15
DA:41,15
DA:88,15
DA:89,15
DA:90,14
DA:91,7
DA:92,6
DA:96,15
DA:97,7
DA:98,7
DA:99,7
DA:100,7
DA:101,7
DA:102,7
DA:103,7
DA:104,7
DA:107,0
DA:108,0
DA:109,0
DA:114,0
DA:118,15
DA:119,15
DA:120,15
DA:138,15
DA:139,240
DA:141,15
DA:145,16
DA:146,16
DA:147,16
DA:149,16
DA:150,1
DA:153,15
DA:154,15
DA:155,15
DA:157,16
DA:158,16
DA:160,16
DA:161,0
DA:164,15
DA:165,15
DA:166,0
DA:169,15
DA:171,15
DA:172,16
DA:174,16
DA:176,16
DA:177,16
DA:179,16
DA:180,16
DA:182,16
DA:183,16
DA:184,16
DA:186,16
DA:208,7
DA:209,7
DA:212,7
DA:213,7
DA:216,8
DA:219,7
DA:220,7
DA:221,7
DA:222,8
DA:223,8
DA:224,4
DA:229,7
DA:230,7
DA:231,7
DA:232,8
DA:233,8
DA:235,8
DA:236,8
DA:237,4
DA:238,4
DA:239,1
DA:241,3
DA:242,4
DA:244,4
DA:245,4
DA:248,7
DA:249,7
DA:251,7
DA:252,6
DA:262,9
DA:263,9
DA:265,9
DA:266,9
DA:267,9
DA:269,9
DA:271,9
DA:272,9
DA:273,9
DA:274,1
DA:275,8
DA:276,1
DA:278,9
DA:279,9
DA:281,9
DA:282,9
DA:284,9
DA:286,9
DA:287,15
DA:288,15
DA:292,15
DA:293,15
DA:294,15
DA:296,15
DA:297,8
DA:298,8
DA:302,7
DA:303,7
DA:304,8
DA:305,8
DA:306,8
DA:311,7
DA:312,7
DA:313,7
DA:316,7
DA:317,1
DA:319,6
DA:323,9
DA:326,9
DA:327,9
DA:330,9
DA:341,9
DA:342,9
DA:344,0
DA:345,0
DA:346,0
LF:135
LH:126
BRDA:26,0,0,18
BRDA:26,0,1,18
BRDA:26,0,2,17
BRDA:26,0,3,17
BRDA:39,1,0,15
BRDA:39,1,1,0
BRDA:40,2,0,15
BRDA:40,2,1,3
BRDA:88,3,0,15
BRDA:88,3,1,5
BRDA:89,4,0,1
BRDA:89,4,1,14
BRDA:90,5,0,7
BRDA:90,5,1,7
BRDA:91,6,0,1
BRDA:91,6,1,6
BRDA:96,7,0,8
BRDA:96,7,1,7
BRDA:99,8,0,7
BRDA:99,8,1,0
BRDA:103,9,0,7
BRDA:103,9,1,0
BRDA:103,10,0,7
BRDA:103,10,1,7
BRDA:103,10,2,7
BRDA:108,11,0,0
BRDA:108,11,1,0
BRDA:118,12,0,0
BRDA:118,12,1,15
BRDA:145,13,0,16
BRDA:145,13,1,0
BRDA:149,14,0,1
BRDA:149,14,1,15
BRDA:149,15,0,16
BRDA:149,15,1,16
BRDA:149,15,2,16
BRDA:155,16,0,15
BRDA:155,16,1,8
BRDA:157,17,0,0
BRDA:157,17,1,15
BRDA:158,18,0,0
BRDA:158,18,1,15
BRDA:160,19,0,0
BRDA:160,19,1,16
BRDA:160,20,0,16
BRDA:160,20,1,15
BRDA:165,21,0,0
BRDA:165,21,1,15
BRDA:171,22,0,15
BRDA:171,22,1,3
BRDA:174,23,0,16
BRDA:174,23,1,5
BRDA:176,24,0,16
BRDA:176,24,1,5
BRDA:179,25,0,16
BRDA:179,25,1,8
BRDA:182,26,0,16
BRDA:182,26,1,8
BRDA:183,27,0,16
BRDA:183,27,1,8
BRDA:183,28,0,16
BRDA:183,28,1,8
BRDA:219,29,0,7
BRDA:219,29,1,0
BRDA:223,30,0,4
BRDA:223,30,1,4
BRDA:223,31,0,8
BRDA:223,31,1,4
BRDA:235,32,0,8
BRDA:235,32,1,0
BRDA:236,33,0,4
BRDA:236,33,1,4
BRDA:238,34,0,1
BRDA:238,34,1,3
BRDA:241,35,0,3
BRDA:241,35,1,0
BRDA:251,36,0,6
BRDA:251,36,1,1
BRDA:259,37,0,9
BRDA:273,38,0,1
BRDA:273,38,1,8
BRDA:275,39,0,1
BRDA:275,39,1,7
BRDA:275,40,0,8
BRDA:275,40,1,2
BRDA:287,41,0,15
BRDA:287,41,1,15
BRDA:288,42,0,0
BRDA:288,42,1,15
BRDA:294,43,0,15
BRDA:294,43,1,0
BRDA:296,44,0,8
BRDA:296,44,1,7
BRDA:305,45,0,8
BRDA:305,45,1,0
BRDA:311,46,0,7
BRDA:311,46,1,0
BRDA:316,47,0,1
BRDA:316,47,1,6
BRDA:316,48,0,7
BRDA:316,48,1,2
BRDA:316,48,2,6
BRF:102
BRH:84
end_of_record
TN:
SF:src/scrapers/cellular_permits_scraper.ts
FN:17,convertItmToWgs84
FN:25,isValidIsraelCoordinates
FN:38,getTranslatedOperator
FN:78,parsePermitRecord
FN:138,scrapeAndSyncPermitApplications
FN:187,(anonymous_5)
FNF:6
FNH:6
FNDA:12,convertItmToWgs84
FNDA:15,isValidIsraelCoordinates
FNDA:16,getTranslatedOperator
FNDA:12,parsePermitRecord
FNDA:7,scrapeAndSyncPermitApplications
FNDA:7,(anonymous_5)
DA:11,4
DA:15,4
DA:21,12
DA:22,12
DA:26,15
DA:30,4
DA:39,16
DA:40,16
DA:41,16
DA:79,12
DA:80,12
DA:81,12
DA:82,12
DA:84,12
DA:85,0
DA:88,12
DA:89,12
DA:90,12
DA:91,12
DA:93,12
DA:94,1
DA:97,11
DA:98,11
DA:99,0
DA:102,11
DA:104,11
DA:105,12
DA:106,12
DA:107,11
DA:108,11
DA:109,11
DA:113,11
DA:114,12
DA:115,12
DA:116,12
DA:117,12
DA:118,12
DA:119,12
DA:121,12
DA:143,7
DA:144,7
DA:146,7
DA:147,7
DA:148,7
DA:150,7
DA:151,7
DA:153,7
DA:154,7
DA:155,7
DA:156,7
DA:158,7
DA:159,7
DA:161,7
DA:162,13
DA:163,13
DA:164,13
DA:165,13
DA:166,13
DA:168,13
DA:169,6
DA:170,6
DA:174,7
DA:175,7
DA:176,7
DA:177,7
DA:178,7
DA:183,7
DA:184,7
DA:187,7
DA:190,7
DA:191,7
DA:192,7
DA:193,7
DA:194,7
DA:195,4
DA:200,7
DA:201,7
DA:202,7
DA:203,7
DA:204,7
DA:206,7
DA:207,7
DA:208,4
DA:209,4
DA:210,1
DA:211,1
DA:213,3
DA:214,4
DA:216,3
DA:217,3
DA:220,6
DA:221,6
DA:222,6
DA:224,7
DA:225,6
DA:229,7
DA:230,1
DA:231,1
DA:234,6
DA:237,7
DA:240,7
DA:241,7
DA:244,7
DA:255,7
DA:256,7
DA:258,0
DA:259,0
DA:260,0
LF:108
LH:103
BRDA:26,0,0,15
BRDA:26,0,1,14
BRDA:26,0,2,13
BRDA:26,0,3,13
BRDA:39,1,0,16
BRDA:39,1,1,0
BRDA:40,2,0,16
BRDA:40,2,1,1
BRDA:79,3,0,12
BRDA:79,3,1,0
BRDA:84,4,0,0
BRDA:84,4,1,12
BRDA:84,5,0,12
BRDA:84,5,1,12
BRDA:84,5,2,12
BRDA:89,6,0,12
BRDA:89,6,1,1
BRDA:90,7,0,1
BRDA:90,7,1,11
BRDA:91,8,0,0
BRDA:91,8,1,12
BRDA:93,9,0,1
BRDA:93,9,1,11
BRDA:93,10,0,12
BRDA:93,10,1,11
BRDA:98,11,0,0
BRDA:98,11,1,11
BRDA:104,12,0,11
BRDA:104,12,1,0
BRDA:106,13,0,11
BRDA:106,13,1,1
BRDA:108,14,0,11
BRDA:108,14,1,0
BRDA:113,15,0,11
BRDA:113,15,1,0
BRDA:114,16,0,12
BRDA:114,16,1,10
BRDA:115,17,0,12
BRDA:115,17,1,10
BRDA:116,18,0,12
BRDA:116,18,1,10
BRDA:117,19,0,12
BRDA:117,19,1,10
BRDA:118,20,0,12
BRDA:118,20,1,10
BRDA:119,21,0,12
BRDA:119,21,1,10
BRDA:140,22,0,7
BRDA:154,23,0,1
BRDA:154,23,1,6
BRDA:154,24,0,7
BRDA:154,24,1,2
BRDA:162,25,0,13
BRDA:162,25,1,13
BRDA:166,26,0,13
BRDA:166,26,1,0
BRDA:168,27,0,6
BRDA:168,27,1,7
BRDA:177,28,0,7
BRDA:177,28,1,0
BRDA:190,29,0,7
BRDA:190,29,1,0
BRDA:194,30,0,4
BRDA:194,30,1,3
BRDA:194,31,0,7
BRDA:194,31,1,4
BRDA:206,32,0,7
BRDA:206,32,1,0
BRDA:207,33,0,4
BRDA:207,33,1,3
BRDA:209,34,0,1
BRDA:209,34,1,3
BRDA:213,35,0,3
BRDA:213,35,1,0
BRDA:224,36,0,6
BRDA:224,36,1,1
BRDA:229,37,0,1
BRDA:229,37,1,6
BRDA:229,38,0,7
BRDA:229,38,1,2
BRF:80
BRH:67
end_of_record
TN:
SF:src/scrapers/companies_liquidation_scraper.ts
FN:18,getTranslatedStatus
FN:58,cleanString
FN:63,parseDateString
FN:80,parseLiquidationRecord
FN:129,scrapeAndSyncCompaniesLiquidation
FN:198,(anonymous_5)
FNF:6
FNH:6
FNDA:18,getTranslatedStatus
FNDA:40,cleanString
FNDA:40,parseDateString
FNDA:11,parseLiquidationRecord
FNDA:5,scrapeAndSyncCompaniesLiquidation
FNDA:5,(anonymous_5)
DA:8,4
DA:19,18
DA:20,18
DA:21,18
DA:59,40
DA:60,31
DA:64,40
DA:65,12
DA:66,12
DA:67,12
DA:73,12
DA:74,12
DA:75,12
DA:77,0
DA:83,11
DA:84,11
DA:85,11
DA:87,11
DA:88,1
DA:91,10
DA:92,11
DA:93,11
DA:95,11
DA:96,0
DA:99,10
DA:100,10
DA:101,11
DA:102,11
DA:104,11
DA:105,11
DA:106,11
DA:107,11
DA:108,11
DA:110,11
DA:112,11
DA:134,5
DA:135,5
DA:136,5
DA:137,5
DA:138,5
DA:140,5
DA:141,5
DA:142,5
DA:143,5
DA:144,5
DA:145,5
DA:147,5
DA:148,5
DA:149,5
DA:150,10
DA:151,10
DA:152,10
DA:154,10
DA:155,10
DA:156,0
DA:179,10
DA:180,10
DA:183,10
DA:184,5
DA:185,5
DA:188,5
DA:189,5
DA:190,5
DA:191,5
DA:192,5
DA:196,5
DA:197,5
DA:198,5
DA:201,5
DA:202,5
DA:203,5
DA:204,5
DA:205,5
DA:206,4
DA:211,5
DA:212,5
DA:213,5
DA:214,5
DA:215,5
DA:217,5
DA:218,5
DA:219,4
DA:220,4
DA:221,1
DA:222,1
DA:224,3
DA:225,4
DA:227,1
DA:228,1
DA:231,4
DA:232,4
DA:233,4
DA:235,5
DA:236,4
DA:240,5
DA:241,0
DA:242,0
DA:245,5
DA:248,5
DA:250,5
DA:251,5
DA:253,5
DA:264,5
DA:265,5
DA:267,0
DA:268,0
DA:269,0
LF:107
LH:99
BRDA:19,0,0,18
BRDA:19,0,1,0
BRDA:20,1,0,18
BRDA:20,1,1,1
BRDA:59,2,0,9
BRDA:59,2,1,31
BRDA:59,3,0,40
BRDA:59,3,1,31
BRDA:64,4,0,28
BRDA:64,4,1,12
BRDA:66,5,0,12
BRDA:66,5,1,0
BRDA:66,6,0,12
BRDA:66,6,1,12
BRDA:67,7,0,10
BRDA:67,7,1,2
BRDA:69,8,0,2
BRDA:69,8,1,0
BRDA:74,9,0,12
BRDA:74,9,1,0
BRDA:87,10,0,1
BRDA:87,10,1,10
BRDA:87,11,0,11
BRDA:87,11,1,10
BRDA:87,11,2,10
BRDA:91,12,0,10
BRDA:91,12,1,0
BRDA:93,13,0,11
BRDA:93,13,1,0
BRDA:95,14,0,0
BRDA:95,14,1,11
BRDA:95,15,0,11
BRDA:95,15,1,10
BRDA:95,15,2,10
BRDA:100,16,0,10
BRDA:100,16,1,0
BRDA:101,17,0,11
BRDA:101,17,1,8
BRDA:102,18,0,11
BRDA:102,18,1,8
BRDA:106,19,0,11
BRDA:106,19,1,9
BRDA:107,20,0,11
BRDA:107,20,1,9
BRDA:108,21,0,11
BRDA:108,21,1,9
BRDA:110,22,0,11
BRDA:110,22,1,4
BRDA:110,22,2,4
BRDA:118,23,0,11
BRDA:118,23,1,6
BRDA:119,24,0,11
BRDA:119,24,1,4
BRDA:131,25,0,5
BRDA:143,26,0,0
BRDA:143,26,1,5
BRDA:150,27,0,10
BRDA:150,27,1,10
BRDA:155,28,0,0
BRDA:155,28,1,10
BRDA:155,29,0,10
BRDA:155,29,1,0
BRDA:180,30,0,10
BRDA:180,30,1,0
BRDA:183,31,0,5
BRDA:183,31,1,5
BRDA:191,32,0,5
BRDA:191,32,1,0
BRDA:201,33,0,5
BRDA:201,33,1,0
BRDA:205,34,0,4
BRDA:205,34,1,1
BRDA:205,35,0,5
BRDA:205,35,1,4
BRDA:217,36,0,5
BRDA:217,36,1,0
BRDA:218,37,0,4
BRDA:218,37,1,1
BRDA:220,38,0,1
BRDA:220,38,1,3
BRDA:224,39,0,3
BRDA:224,39,1,0
BRDA:235,40,0,4
BRDA:235,40,1,1
BRDA:240,41,0,0
BRDA:240,41,1,5
BRDA:240,42,0,5
BRDA:240,42,1,0
BRF:88
BRH:70
end_of_record
TN:
SF:src/scrapers/doctors_licenses_scraper.ts
FN:47,parseDDMMYYYY
FN:82,parseDoctorRecord
FN:144,scrapeAndSyncDoctorsLicenses
FN:191,(anonymous_3)
FNF:4
FNH:4
FNDA:22,parseDDMMYYYY
FNDA:11,parseDoctorRecord
FNDA:5,scrapeAndSyncDoctorsLicenses
FNDA:5,(anonymous_3)
DA:48,22
DA:49,20
DA:50,20
DA:51,18
DA:52,3
DA:54,18
DA:55,1
DA:57,17
DA:58,17
DA:59,17
DA:61,17
DA:62,17
DA:63,17
DA:65,17
DA:66,1
DA:68,16
DA:69,1
DA:72,15
DA:83,11
DA:84,11
DA:86,11
DA:87,1
DA:90,10
DA:91,10
DA:92,10
DA:93,0
DA:96,10
DA:97,11
DA:100,11
DA:101,0
DA:104,10
DA:106,10
DA:107,10
DA:108,10
DA:109,1
DA:110,1
DA:111,1
DA:115,10
DA:118,11
DA:120,11
DA:122,11
DA:149,5
DA:150,5
DA:152,5
DA:153,5
DA:154,5
DA:156,5
DA:157,5
DA:158,5
DA:159,5
DA:160,5
DA:161,5
DA:163,5
DA:164,5
DA:167,5
DA:168,10
DA:169,10
DA:170,10
DA:172,10
DA:173,10
DA:175,10
DA:176,5
DA:177,5
DA:180,5
DA:181,5
DA:182,5
DA:183,5
DA:184,5
DA:189,5
DA:190,5
DA:191,5
DA:194,5
DA:195,5
DA:196,5
DA:197,5
DA:198,5
DA:199,4
DA:203,5
DA:204,5
DA:205,5
DA:206,5
DA:207,5
DA:209,5
DA:210,5
DA:211,4
DA:212,4
DA:213,1
DA:214,1
DA:216,3
DA:217,4
DA:219,1
DA:220,1
DA:223,4
DA:224,4
DA:225,4
DA:227,5
DA:228,4
DA:232,5
DA:233,0
DA:234,0
DA:237,5
DA:240,5
DA:243,5
DA:244,5
DA:246,5
DA:257,5
DA:258,5
DA:260,0
DA:261,0
DA:262,0
LF:110
LH:103
BRDA:48,0,0,2
BRDA:48,0,1,20
BRDA:48,1,0,22
BRDA:48,1,1,21
BRDA:50,2,0,2
BRDA:50,2,1,18
BRDA:50,3,0,20
BRDA:50,3,1,19
BRDA:51,4,0,3
BRDA:51,4,1,15
BRDA:54,5,0,1
BRDA:54,5,1,17
BRDA:65,6,0,1
BRDA:65,6,1,16
BRDA:65,7,0,17
BRDA:65,7,1,17
BRDA:65,7,2,16
BRDA:68,8,0,1
BRDA:68,8,1,15
BRDA:68,9,0,16
BRDA:68,9,1,16
BRDA:68,9,2,15
BRDA:68,9,3,15
BRDA:86,10,0,1
BRDA:86,10,1,10
BRDA:86,11,0,11
BRDA:86,11,1,10
BRDA:86,11,2,10
BRDA:86,11,3,10
BRDA:92,12,0,0
BRDA:92,12,1,10
BRDA:92,13,0,10
BRDA:92,13,1,10
BRDA:96,14,0,10
BRDA:96,14,1,0
BRDA:97,15,0,11
BRDA:97,15,1,0
BRDA:100,16,0,0
BRDA:100,16,1,11
BRDA:100,17,0,11
BRDA:100,17,1,0
BRDA:108,18,0,1
BRDA:108,18,1,9
BRDA:108,19,0,10
BRDA:108,19,1,2
BRDA:110,20,0,1
BRDA:110,20,1,0
BRDA:110,21,0,1
BRDA:110,21,1,1
BRDA:115,22,0,1
BRDA:115,22,1,9
BRDA:118,23,0,1
BRDA:118,23,1,9
BRDA:120,24,0,11
BRDA:120,24,1,0
BRDA:128,25,0,11
BRDA:128,25,1,0
BRDA:130,26,0,11
BRDA:130,26,1,9
BRDA:131,27,0,11
BRDA:131,27,1,9
BRDA:146,28,0,5
BRDA:159,29,0,0
BRDA:159,29,1,5
BRDA:159,30,0,5
BRDA:159,30,1,0
BRDA:168,31,0,10
BRDA:168,31,1,10
BRDA:173,32,0,10
BRDA:173,32,1,0
BRDA:175,33,0,5
BRDA:175,33,1,5
BRDA:183,34,0,5
BRDA:183,34,1,0
BRDA:194,35,0,5
BRDA:194,35,1,0
BRDA:198,36,0,4
BRDA:198,36,1,1
BRDA:198,37,0,5
BRDA:198,37,1,4
BRDA:209,38,0,5
BRDA:209,38,1,0
BRDA:210,39,0,4
BRDA:210,39,1,1
BRDA:212,40,0,1
BRDA:212,40,1,3
BRDA:216,41,0,3
BRDA:216,41,1,0
BRDA:227,42,0,4
BRDA:227,42,1,1
BRDA:232,43,0,0
BRDA:232,43,1,5
BRDA:232,44,0,5
BRDA:232,44,1,0
BRF:94
BRH:77
end_of_record
TN:
SF:src/scrapers/local_market_bonds_scraper.ts
FN:71,getBondTypeTranslation
FN:80,parseDDMMYYYY
FN:96,parseIssuanceDate
FN:105,parseNum
FN:114,parseLocalMarketBondRecord
FN:155,scrapeAndSyncLocalMarketBonds
FN:227,(anonymous_6)
FNF:7
FNH:7
FNDA:6,getBondTypeTranslation
FNDA:6,parseDDMMYYYY
FNDA:6,parseIssuanceDate
FNDA:28,parseNum
FNDA:3,parseLocalMarketBondRecord
FNDA:1,scrapeAndSyncLocalMarketBonds
FNDA:1,(anonymous_6)
DA:62,5
DA:72,6
DA:73,6
DA:74,6
DA:81,6
DA:82,4
DA:83,4
DA:84,4
DA:85,4
DA:86,4
DA:87,4
DA:88,4
DA:90,0
DA:97,6
DA:98,4
DA:99,4
DA:100,4
DA:102,0
DA:106,28
DA:107,15
DA:108,15
DA:117,3
DA:118,3
DA:119,1
DA:122,2
DA:123,2
DA:124,2
DA:125,2
DA:126,2
DA:128,3
DA:159,1
DA:160,1
DA:162,1
DA:163,1
DA:164,1
DA:166,1
DA:167,1
DA:168,1
DA:169,1
DA:170,1
DA:171,1
DA:174,1
DA:175,1
DA:176,1
DA:177,1
DA:178,1
DA:179,1
DA:182,1
DA:184,1
DA:185,1
DA:186,1
DA:188,1
DA:189,1
DA:191,1
DA:192,1
DA:194,1
DA:195,1
DA:197,1
DA:198,0
DA:199,0
DA:202,1
DA:203,1
DA:205,1
DA:206,2
DA:207,1
DA:210,1
DA:211,1
DA:212,1
DA:215,1
DA:216,1
DA:217,1
DA:218,1
DA:219,1
DA:224,1
DA:225,1
DA:226,1
DA:227,1
DA:229,1
DA:230,1
DA:231,1
DA:232,1
DA:233,1
DA:234,0
DA:238,1
DA:239,1
DA:240,1
DA:241,1
DA:242,1
DA:244,1
DA:245,1
DA:246,0
DA:247,0
DA:248,0
DA:249,0
DA:251,0
DA:252,0
DA:254,1
DA:255,1
DA:258,1
DA:259,1
DA:260,1
DA:261,1
DA:264,1
DA:265,1
DA:269,0
DA:270,0
DA:274,1
DA:275,0
DA:276,0
DA:279,1
DA:280,0
DA:284,1
DA:286,1
DA:287,1
DA:289,1
DA:301,1
DA:302,1
DA:304,0
DA:305,0
DA:306,0
LF:120
LH:101
BRDA:73,0,0,6
BRDA:73,0,1,1
BRDA:81,1,0,2
BRDA:81,1,1,4
BRDA:84,2,0,4
BRDA:84,2,1,0
BRDA:97,3,0,2
BRDA:97,3,1,4
BRDA:99,4,0,4
BRDA:99,4,1,0
BRDA:100,5,0,1
BRDA:100,5,1,3
BRDA:106,6,0,13
BRDA:106,6,1,15
BRDA:106,7,0,28
BRDA:106,7,1,15
BRDA:108,8,0,0
BRDA:108,8,1,15
BRDA:118,9,0,1
BRDA:118,9,1,2
BRDA:118,10,0,3
BRDA:118,10,1,2
BRDA:126,11,0,2
BRDA:126,11,1,0
BRDA:131,12,0,3
BRDA:131,12,1,0
BRDA:136,13,0,3
BRDA:136,13,1,0
BRDA:148,14,0,3
BRDA:148,14,1,0
BRDA:157,15,0,1
BRDA:168,16,0,0
BRDA:168,16,1,1
BRDA:176,17,0,1
BRDA:176,17,1,0
BRDA:178,18,0,1
BRDA:178,18,1,0
BRDA:178,19,0,1
BRDA:178,19,1,1
BRDA:189,20,0,1
BRDA:189,20,1,1
BRDA:195,21,0,1
BRDA:195,21,1,0
BRDA:197,22,0,0
BRDA:197,22,1,1
BRDA:206,23,0,1
BRDA:206,23,1,1
BRDA:216,24,0,1
BRDA:216,24,1,0
BRDA:218,25,0,1
BRDA:218,25,1,0
BRDA:224,26,0,1
BRDA:224,26,1,0
BRDA:229,27,0,1
BRDA:229,27,1,0
BRDA:233,28,0,0
BRDA:233,28,1,1
BRDA:233,29,0,1
BRDA:233,29,1,0
BRDA:245,30,0,0
BRDA:245,30,1,1
BRDA:247,31,0,0
BRDA:247,31,1,0
BRDA:251,32,0,0
BRDA:251,32,1,0
BRDA:264,33,0,1
BRDA:264,33,1,0
BRDA:269,34,0,0
BRDA:269,34,1,0
BRDA:274,35,0,0
BRDA:274,35,1,1
BRDA:279,36,0,0
BRDA:279,36,1,1
BRF:73
BRH:45
end_of_record
TN:
SF:src/scrapers/metadata_scraper.ts
FN:48,sanitizeNotes
FN:54,scrapeAndSyncDatasetMetadata
FN:95,(anonymous_2)
FN:113,(anonymous_3)
FNF:4
FNH:4
FNDA:3,sanitizeNotes
FNDA:2,scrapeAndSyncDatasetMetadata
FNDA:2,(anonymous_2)
FNDA:3,(anonymous_3)
DA:34,4
DA:49,3
DA:51,3
DA:57,2
DA:58,2
DA:60,2
DA:61,2
DA:62,2
DA:66,2
DA:67,2
DA:68,2
DA:70,2
DA:71,2
DA:73,2
DA:74,1
DA:75,1
DA:78,1
DA:80,1
DA:82,1
DA:83,3
DA:84,0
DA:87,3
DA:88,3
DA:91,3
DA:92,1
DA:95,2
DA:96,2
DA:98,2
DA:99,1
DA:100,1
DA:104,3
DA:105,3
DA:106,3
DA:107,0
DA:109,3
DA:110,3
DA:111,3
DA:112,3
DA:113,3
DA:115,3
DA:130,1
DA:131,1
DA:132,1
DA:133,1
DA:135,1
DA:136,3
DA:137,3
DA:138,3
DA:141,1
DA:143,1
DA:146,1
DA:147,1
DA:149,1
DA:150,1
DA:161,1
DA:163,0
DA:164,0
LF:57
LH:53
BRDA:49,0,0,0
BRDA:49,0,1,3
BRDA:66,1,0,2
BRDA:66,1,1,2
BRDA:71,2,0,2
BRDA:71,2,1,0
BRDA:73,3,0,1
BRDA:73,3,1,1
BRDA:83,4,0,0
BRDA:83,4,1,3
BRDA:83,5,0,3
BRDA:83,5,1,3
BRDA:91,6,0,1
BRDA:91,6,1,2
BRDA:95,7,0,2
BRDA:95,7,1,0
BRDA:96,8,0,2
BRDA:96,8,1,2
BRDA:98,9,0,1
BRDA:98,9,1,1
BRDA:104,10,0,3
BRDA:104,10,1,0
BRDA:106,11,0,0
BRDA:106,11,1,3
BRDA:110,12,0,3
BRDA:110,12,1,0
BRDA:111,13,0,3
BRDA:111,13,1,0
BRDA:112,14,0,3
BRDA:112,14,1,0
BRDA:113,15,0,3
BRDA:113,15,1,0
BRDA:113,16,0,3
BRDA:113,16,1,0
BRF:34
BRH:23
end_of_record
TN:
SF:src/scrapers/patent_classifications_scraper.ts
FN:42,parsePatentRecord
FN:100,scrapeAndSyncPatentClassifications
FN:175,(anonymous_2)
FNF:3
FNH:3
FNDA:9,parsePatentRecord
FNDA:2,scrapeAndSyncPatentClassifications
FNDA:3,(anonymous_2)
DA:43,9
DA:44,9
DA:45,9
DA:47,9
DA:54,2
DA:57,7
DA:58,7
DA:59,7
DA:60,1
DA:63,6
DA:64,6
DA:65,0
DA:68,6
DA:69,9
DA:72,9
DA:73,1
DA:76,5
DA:77,9
DA:79,9
DA:104,2
DA:105,2
DA:107,2
DA:108,2
DA:109,2
DA:111,2
DA:112,2
DA:113,2
DA:114,2
DA:115,2
DA:116,2
DA:119,2
DA:120,2
DA:121,2
DA:122,1
DA:123,1
DA:124,1
DA:127,2
DA:129,2
DA:130,2
DA:131,2
DA:134,2
DA:135,3
DA:137,3
DA:138,3
DA:140,3
DA:141,3
DA:143,3
DA:144,1
DA:145,1
DA:148,2
DA:149,2
DA:151,2
DA:153,4
DA:154,1
DA:157,1
DA:158,1
DA:159,1
DA:162,3
DA:163,3
DA:164,3
DA:165,3
DA:166,2
DA:172,2
DA:173,2
DA:174,2
DA:175,3
DA:178,2
DA:179,2
DA:180,2
DA:181,3
DA:182,3
DA:183,0
DA:187,2
DA:188,2
DA:189,2
DA:190,3
DA:191,3
DA:193,3
DA:194,3
DA:195,0
DA:196,0
DA:197,0
DA:198,0
DA:200,0
DA:201,0
DA:203,3
DA:204,3
DA:207,3
DA:208,3
DA:209,3
DA:210,3
DA:213,2
DA:214,2
DA:219,0
DA:220,0
DA:224,2
DA:225,0
DA:226,0
DA:229,2
DA:230,1
DA:234,2
DA:239,2
DA:240,2
DA:243,2
DA:255,2
DA:256,2
DA:258,0
DA:259,0
DA:260,0
LF:109
LH:94
BRDA:47,0,0,2
BRDA:47,0,1,7
BRDA:48,1,0,9
BRDA:48,1,1,9
BRDA:48,1,2,9
BRDA:48,1,3,8
BRDA:48,1,4,8
BRDA:59,2,0,1
BRDA:59,2,1,6
BRDA:59,3,0,7
BRDA:59,3,1,6
BRDA:64,4,0,0
BRDA:64,4,1,6
BRDA:68,5,0,6
BRDA:68,5,1,3
BRDA:69,6,0,9
BRDA:69,6,1,3
BRDA:72,7,0,1
BRDA:72,7,1,8
BRDA:72,8,0,9
BRDA:72,8,1,3
BRDA:76,9,0,5
BRDA:76,9,1,1
BRDA:102,10,0,2
BRDA:113,11,0,0
BRDA:113,11,1,2
BRDA:121,12,0,1
BRDA:121,12,1,1
BRDA:123,13,0,1
BRDA:123,13,1,0
BRDA:123,14,0,1
BRDA:123,14,1,1
BRDA:135,15,0,3
BRDA:135,15,1,3
BRDA:141,16,0,3
BRDA:141,16,1,0
BRDA:143,17,0,1
BRDA:143,17,1,2
BRDA:153,18,0,1
BRDA:153,18,1,3
BRDA:163,19,0,3
BRDA:163,19,1,0
BRDA:165,20,0,2
BRDA:165,20,1,1
BRDA:172,21,0,2
BRDA:172,21,1,0
BRDA:178,22,0,2
BRDA:178,22,1,0
BRDA:182,23,0,0
BRDA:182,23,1,3
BRDA:182,24,0,3
BRDA:182,24,1,0
BRDA:194,25,0,0
BRDA:194,25,1,3
BRDA:196,26,0,0
BRDA:196,26,1,0
BRDA:200,27,0,0
BRDA:200,27,1,0
BRDA:213,28,0,2
BRDA:213,28,1,0
BRDA:219,29,0,0
BRDA:219,29,1,0
BRDA:224,30,0,0
BRDA:224,30,1,2
BRDA:229,31,0,1
BRDA:229,31,1,1
BRF:66
BRH:48
end_of_record
TN:
SF:src/scrapers/travel_warnings_scraper.ts
FN:45,extractWarningLevel
FN:61,parseTravelWarningRecord
FN:109,scrapeAndSyncTravelWarnings
FN:156,(anonymous_3)
FNF:4
FNH:4
FNDA:10,extractWarningLevel
FNDA:5,parseTravelWarningRecord
FNDA:2,scrapeAndSyncTravelWarnings
FNDA:2,(anonymous_3)
DA:46,10
DA:47,8
DA:48,8
DA:49,7
DA:51,1
DA:64,5
DA:65,5
DA:66,1
DA:69,4
DA:70,4
DA:71,5
DA:72,5
DA:73,5
DA:74,5
DA:75,5
DA:76,5
DA:79,5
DA:80,1
DA:83,3
DA:84,3
DA:86,5
DA:114,2
DA:115,2
DA:117,2
DA:118,2
DA:119,2
DA:121,2
DA:122,2
DA:123,2
DA:124,2
DA:125,2
DA:126,2
DA:128,2
DA:129,2
DA:132,2
DA:133,4
DA:134,4
DA:135,4
DA:137,4
DA:138,4
DA:140,4
DA:141,2
DA:142,2
DA:145,2
DA:146,2
DA:147,2
DA:148,2
DA:149,2
DA:154,2
DA:155,2
DA:156,2
DA:159,2
DA:160,2
DA:161,2
DA:162,2
DA:163,2
DA:164,1
DA:168,2
DA:169,2
DA:170,2
DA:171,2
DA:172,2
DA:174,2
DA:175,2
DA:176,1
DA:177,1
DA:178,0
DA:179,0
DA:181,1
DA:182,1
DA:184,1
DA:185,1
DA:188,2
DA:189,2
DA:190,2
DA:192,2
DA:193,2
DA:197,2
DA:198,0
DA:199,0
DA:202,2
DA:205,2
DA:208,2
DA:209,2
DA:211,2
DA:222,2
DA:223,2
DA:225,0
DA:226,0
DA:227,0
LF:90
LH:83
BRDA:46,0,0,2
BRDA:46,0,1,8
BRDA:48,1,0,7
BRDA:48,1,1,1
BRDA:48,2,0,8
BRDA:48,2,1,7
BRDA:65,3,0,1
BRDA:65,3,1,4
BRDA:65,4,0,5
BRDA:65,4,1,4
BRDA:70,5,0,4
BRDA:70,5,1,0
BRDA:71,6,0,5
BRDA:71,6,1,1
BRDA:72,7,0,5
BRDA:72,7,1,0
BRDA:73,8,0,5
BRDA:73,8,1,3
BRDA:74,9,0,5
BRDA:74,9,1,3
BRDA:75,10,0,2
BRDA:75,10,1,2
BRDA:76,11,0,5
BRDA:76,11,1,2
BRDA:79,12,0,1
BRDA:79,12,1,4
BRDA:84,13,0,3
BRDA:84,13,1,1
BRDA:111,14,0,2
BRDA:124,15,0,0
BRDA:124,15,1,2
BRDA:124,16,0,2
BRDA:124,16,1,0
BRDA:133,17,0,4
BRDA:133,17,1,4
BRDA:138,18,0,4
BRDA:138,18,1,0
BRDA:140,19,0,2
BRDA:140,19,1,2
BRDA:148,20,0,2
BRDA:148,20,1,0
BRDA:159,21,0,2
BRDA:159,21,1,0
BRDA:163,22,0,1
BRDA:163,22,1,1
BRDA:163,23,0,2
BRDA:163,23,1,1
BRDA:174,24,0,2
BRDA:174,24,1,0
BRDA:175,25,0,1
BRDA:175,25,1,1
BRDA:177,26,0,0
BRDA:177,26,1,1
BRDA:181,27,0,1
BRDA:181,27,1,0
BRDA:192,28,0,2
BRDA:192,28,1,0
BRDA:197,29,0,0
BRDA:197,29,1,2
BRDA:197,30,0,2
BRDA:197,30,1,0
BRF:61
BRH:48
end_of_record
TN:
SF:src/utils/constants.ts
FNF:0
FNH:0
DA:4,15
LF:1
LH:1
BRF:0
BRH:0
end_of_record
TN:
SF:src/utils/equality.ts
FN:10,areRecordsEqual
FN:66,(anonymous_1)
FN:67,(anonymous_2)
FNF:3
FNH:3
FNDA:262,areRecordsEqual
FNDA:243,(anonymous_1)
FNDA:285,(anonymous_2)
DA:11,262
DA:14,88
DA:18,6
DA:20,82
DA:21,9
DA:25,73
DA:28,71
DA:29,11
DA:33,60
DA:34,4
DA:39,56
DA:44,262
DA:48,262
DA:49,12
DA:50,10
DA:54,44
DA:55,10
DA:56,6
DA:57,4
DA:58,8
DA:60,2
DA:64,34
DA:66,243
DA:67,285
DA:69,34
DA:71,34
DA:72,191
DA:73,191
DA:75,191
DA:76,14
DA:80,20
LF:31
LH:31
BRDA:11,0,0,174
BRDA:11,0,1,88
BRDA:14,1,0,6
BRDA:14,1,1,82
BRDA:14,2,0,88
BRDA:14,2,1,82
BRDA:14,2,2,13
BRDA:14,2,3,11
BRDA:20,3,0,9
BRDA:20,3,1,73
BRDA:20,4,0,82
BRDA:20,4,1,80
BRDA:20,4,2,75
BRDA:20,4,3,73
BRDA:25,5,0,2
BRDA:25,5,1,71
BRDA:28,6,0,11
BRDA:28,6,1,60
BRDA:33,7,0,4
BRDA:33,7,1,56
BRDA:33,8,0,60
BRDA:33,8,1,4
BRDA:39,9,0,56
BRDA:39,9,1,12
BRDA:39,9,2,12
BRDA:39,9,3,12
BRDA:44,10,0,262
BRDA:44,10,1,12
BRDA:44,10,2,10
BRDA:44,10,3,10
BRDA:48,11,0,12
BRDA:48,11,1,250
BRDA:48,12,0,262
BRDA:48,12,1,44
BRDA:49,13,0,2
BRDA:49,13,1,10
BRDA:49,14,0,12
BRDA:49,14,1,12
BRDA:50,15,0,10
BRDA:50,15,1,8
BRDA:54,16,0,10
BRDA:54,16,1,34
BRDA:54,17,0,44
BRDA:54,17,1,36
BRDA:55,18,0,4
BRDA:55,18,1,6
BRDA:55,19,0,10
BRDA:55,19,1,8
BRDA:56,20,0,2
BRDA:56,20,1,4
BRDA:58,21,0,2
BRDA:58,21,1,6
BRDA:75,22,0,14
BRDA:75,22,1,177
BRF:54
BRH:54
end_of_record
TN:
SF:src/utils/geohash.ts
FN:10,encodeGeohash
FNF:1
FNH:1
FNDA:27,encodeGeohash
DA:1,5
DA:11,27
DA:12,0
DA:14,27
DA:15,0
DA:18,27
DA:19,27
DA:20,27
DA:21,27
DA:22,27
DA:23,27
DA:24,27
DA:25,27
DA:27,27
DA:28,1215
DA:29,621
DA:30,621
DA:31,351
DA:32,351
DA:34,270
DA:35,270
DA:38,594
DA:39,594
DA:40,376
DA:41,376
DA:43,218
DA:44,218
DA:48,1215
DA:49,1215
DA:51,1215
DA:52,243
DA:53,243
DA:54,243
DA:58,27
LF:34
LH:32
BRDA:10,0,0,27
BRDA:11,1,0,0
BRDA:11,1,1,27
BRDA:11,2,0,27
BRDA:11,2,1,27
BRDA:14,3,0,0
BRDA:14,3,1,27
BRDA:14,4,0,27
BRDA:14,4,1,27
BRDA:28,5,0,621
BRDA:28,5,1,594
BRDA:30,6,0,351
BRDA:30,6,1,270
BRDA:39,7,0,376
BRDA:39,7,1,218
BRDA:51,8,0,243
BRDA:51,8,1,972
BRF:17
BRH:15
end_of_record
TN:
SF:src/utils/logger.ts
FN:25,info
FN:46,warn
FN:68,error
FNF:3
FNH:3
FNDA:14,info
FNDA:14,warn
FNDA:14,error
DA:17,14
DA:26,182
DA:27,182
DA:29,182
DA:30,7
DA:31,5
DA:33,2
DA:37,182
DA:47,3
DA:48,3
DA:50,3
DA:51,2
DA:52,1
DA:54,1
DA:58,3
DA:69,2
DA:70,2
DA:71,2
DA:72,2
DA:74,2
DA:75,3
DA:76,1
DA:77,2
DA:78,2
DA:80,0
DA:84,2
DA:85,1
DA:86,1
DA:87,1
DA:88,1
DA:89,0
DA:90,0
DA:92,1
DA:95,2
LF:34
LH:31
BRDA:30,0,0,5
BRDA:30,0,1,2
BRDA:30,1,0,7
BRDA:30,1,1,5
BRDA:51,2,0,1
BRDA:51,2,1,1
BRDA:51,3,0,2
BRDA:51,3,1,1
BRDA:75,4,0,1
BRDA:75,4,1,2
BRDA:77,5,0,2
BRDA:77,5,1,0
BRDA:77,6,0,2
BRDA:77,6,1,2
BRDA:84,7,0,1
BRDA:84,7,1,1
BRDA:88,8,0,0
BRDA:88,8,1,1
BRF:18
BRH:16
end_of_record
TN:
SF:src/utils/telemetry.ts
FN:13,constructor
FN:22,start
FN:31,complete
FN:83,fail
FNF:4
FNH:4
FNDA:5,constructor
FNDA:3,start
FNDA:3,complete
FNDA:1,fail
DA:14,5
DA:15,5
DA:23,5
DA:32,3
DA:33,3
DA:39,3
DA:45,1
DA:46,1
DA:47,1
DA:50,1
DA:51,1
DA:52,1
DA:54,1
DA:55,1
DA:58,3
DA:71,3
DA:72,3
DA:74,0
DA:84,1
DA:85,1
DA:88,1
DA:89,1
DA:91,1
DA:104,1
DA:105,1
DA:107,0
LF:26
LH:24
BRDA:39,0,0,0
BRDA:39,0,1,1
BRDA:39,0,2,1
BRDA:39,0,3,1
BRDA:39,0,4,1
BRDA:88,1,0,1
BRDA:88,1,1,0
BRDA:89,2,0,1
BRDA:89,2,1,0
BRF:9
BRH:6
end_of_record
